C51 COMPILER V9.52.0.0   DOTLED                                                            09/24/2021 14:48:19 PAGE 1   


C51 COMPILER V9.52.0.0, COMPILATION OF MODULE DOTLED
OBJECT MODULE PLACED IN ..\OBJ\Dotled.obj
COMPILER INVOKED BY: C:\Keil_C51\C51\BIN\C51.EXE ..\USER\Dotled.c OPTIMIZE(0,SPEED) BROWSE INCDIR(..\USER) DEBUG OBJECTE
                    -XTEND PRINT(..\LIST\Dotled.lst) TABS(2) OBJECT(..\OBJ\Dotled.obj)

line level    source

   1          #include "DotLed.H"   //包含头文件，定时器有关 自己创建的！！！！
   2          
   3          static unsigned char code Love_Tab1[] = {0xff,0x93,0x6d,0x7d,0xbb,0xd7,0xef,0xff};  //空心心形
   4          static unsigned char code Love_Tab2[] = {0xff,0x93,0x01,0x01,0x83,0xc7,0xef,0xff};  //实心心形
   5          
   6          volatile  unsigned char Dot_Tab[8] = {0xff,0xff,0xff,0xff,0xff,0xff,0xff,0xff};
   7          
   8          
   9          //点阵LED驱动函数，用户想要显示其他数值，只需更新数组Dot_Tab
  10          void  DotLed_Display(void)
  11          {
  12   1        static  unsigned char Row_Cnt = 0;
  13   1        
  14   1        P32 = 0;P41 = 0;P33 = 0;P36 = 0;P44 = 0;P34 = 0;P42 = 0;P35 = 0;
  15   1        Row_Cnt ++;
  16   1        if(Row_Cnt > 8)
  17   1        {
  18   2          Row_Cnt = 1;
  19   2        }
  20   1        P2 = Dot_Tab[Row_Cnt - 1];
  21   1        switch(Row_Cnt)
  22   1        {
  23   2          case  1:P32 = 1;break;
  24   2          case  2:P41 = 1;break;
  25   2          case  3:P33 = 1;break;
  26   2          case  4:P36 = 1;break;
  27   2          case  5:P44 = 1;break;
  28   2          case  6:P34 = 1;break;
  29   2          case  7:P42 = 1;break;
  30   2          case  8:P35 = 1;break;
  31   2          default:break;
  32   2        }
  33   1      }
  34          
  35          
  36          void  DotLed_Init(void)
  37          {
  38   1        //将P3口配置为推挽输出
  39   1        P2M1 = 0X00;
  40   1        P2M0 = 0XFF;
  41   1        P3M1 = 0X00;
  42   1        P3M0 = 0XFF;
  43   1        //P32 P41 P33 P36 P44 P34 P42 P35
  44   1        
  45   1        //互不干涉，使用与操作实现任意位清零，或操作实现任意位置位
  46   1        
  47   1        P3M1 &= 0xfb;  //1111 1011
  48   1        P3M0 |= 0x04;  //0000 0100
  49   1        
  50   1        P4M1 &= 0xfd;  
  51   1        P4M0 |= 0x02;
  52   1        
  53   1        P3M1 &= 0xf7;  
  54   1        P3M0 |= 0x08;
C51 COMPILER V9.52.0.0   DOTLED                                                            09/24/2021 14:48:19 PAGE 2   

  55   1        
  56   1        P3M1 &= 0xfb;  
  57   1        P3M0 |= 0x40;
  58   1         
  59   1        P4M1 &= 0xef;  
  60   1        P4M0 |= 0x10;
  61   1        
  62   1        P3M1 &= 0xef;  
  63   1        P3M0 |= 0x10;
  64   1        
  65   1        P4M1 &= 0xfb;  
  66   1        P4M0 |= 0x04;
  67   1        
  68   1        P3M1 &= 0xdf;  
  69   1        P3M0 |= 0x20;
  70   1        P2 = 0x00;
  71   1        P32 = 0; P41 = 0; P33 = 0; P36 = 0; P44 = 0; P34 = 0; P42 = 0; P35 = 0;
  72   1      }
  73          void DotLed_new(void)
  74          {
  75   1      unsigned char i;
  76   1      unsigned char COUNT;
  77   1      if(K1_Flag)                 //reset
  78   1       {
  79   2        K1_Flag = 0;
  80   2        K2_Flag = 0;
  81   2        for(i=0;i<8;i++)
  82   2        {
  83   3          //Dot_Tab[i] = Love_Tab1[i];
  84   3          Dot_Tab[i] = 0xff;
  85   3        }
  86   2       }
  87   1       
  88   1       if(K2_Flag)                    //
  89   1      {
  90   2        K2_Flag = 0;
  91   2        COUNT ++;
  92   2      }
  93   1      if(COUNT ==1)
  94   1      {
  95   2        for(i=0;i<8;i++)
  96   2        {
  97   3          Dot_Tab[i] = Love_Tab1[i];
  98   3        }
  99   2      }
 100   1      else if(COUNT ==2)
 101   1      {
 102   2        COUNT = 0;
 103   2        for(i=0;i<8;i++)
 104   2        {
 105   3          Dot_Tab[i] = Love_Tab2[i];
 106   3        }
 107   2      }
 108   1      }


MODULE INFORMATION:   STATIC OVERLAYABLE
   CODE SIZE        =    286    ----
   CONSTANT SIZE    =     16    ----
   XDATA SIZE       =   ----    ----
   PDATA SIZE       =   ----    ----
   DATA SIZE        =     11    ----
C51 COMPILER V9.52.0.0   DOTLED                                                            09/24/2021 14:48:19 PAGE 3   

   IDATA SIZE       =   ----    ----
   BIT SIZE         =   ----    ----
END OF MODULE INFORMATION.


C51 COMPILATION COMPLETE.  0 WARNING(S),  0 ERROR(S)
