C51 COMPILER V9.52.0.0   BITMAP                                                            12/27/2021 11:00:01 PAGE 1   


C51 COMPILER V9.52.0.0, COMPILATION OF MODULE BITMAP
OBJECT MODULE PLACED IN ..\obj\BitMap.obj
COMPILER INVOKED BY: C:\Keil_C51\C51\BIN\C51.EXE ..\user\BitMap.c BROWSE INCDIR(..\user) DEBUG OBJECTEXTEND PRINT(..\lis
                    -t\BitMap.lst) TABS(2) OBJECT(..\obj\BitMap.obj)

line level    source

   1          #include "BitMap.h"     //点阵头文件
   2          
   3          static unsigned char code Heart0[] = {0x00,0x36,0x49,0x41,0x22,0x14,0x08,0x00};//空心
   4          static unsigned char code Heart1[] = {0x00,0x36,0x7f,0x7f,0x3e,0x1c,0x08,0x00};//实心
   5          static unsigned char code BLOCK0[] = {0xff,0x81,0x81,0x81,0x81,0x81,0x81,0xff};
   6          static unsigned char code BLOCK1[] = {0xff,0x81,0xbd,0xa5,0xa5,0xbd,0x81,0xff};
   7          static unsigned char code BLOCK2[] = {0xff,0xff,0xc3,0xc3,0xc3,0xc3,0xff,0xff};
   8          volatile unsigned int BitMapTab[8] = {0xff,0xff,0xff,0xff,0xff,0xff,0xff,0xff};
   9          
  10          
  11          void BitMap_Display()   //点阵显示图案预加载
  12          {
  13   1        static unsigned char accept_count = 0;
  14   1        BitMap1 = 0;BitMap2 = 0;BitMap3 = 0;BitMap4 = 0;BitMap5 = 0;BitMap6 = 0;BitMap7 = 0;BitMap8 = 0;
  15   1        accept_count++;
  16   1        if(accept_count > 8)
  17   1        {
  18   2          accept_count = 1;
  19   2        }
  20   1        P2 = BitMapTab[accept_count - 1];
  21   1        switch(accept_count)
  22   1        {
  23   2          case 1:BitMap1 = 1;break;
  24   2          case 2:BitMap2 = 1;break;
  25   2          case 3:BitMap3 = 1;break;
  26   2          case 4:BitMap4 = 1;break;
  27   2          case 5:BitMap5 = 1;break;
  28   2          case 6:BitMap6 = 1;break;
  29   2          case 7:BitMap7 = 1;break;
  30   2          case 8:BitMap8 = 1;break;
  31   2          default:break;
  32   2        }
  33   1      }
  34          void main_BitMap()     //点阵显示总控
  35          {
  36   1        unsigned char i ;
  37   1        static char trigger_BM = 0;
  38   1        if(trigger_KEY2)    //KEY2 trigger Check/按键2触发检测
  39   1        {
  40   2          trigger_KEY2 = 0;
  41   2          trigger_BM++;
  42   2        }
  43   1        switch(trigger_BM)
  44   1        {
  45   2          //切换为爱心
  46   2          case 1: 
  47   2          for(i=0;i<8;i++)
  48   2          {
  49   3            BitMapTab[i] = ~Heart1[i];
  50   3          }
  51   2          break;
  52   2          //切换为方块
  53   2          case 2: 
  54   2          for(i=0;i<8;i++)
C51 COMPILER V9.52.0.0   BITMAP                                                            12/27/2021 11:00:01 PAGE 2   

  55   2          {
  56   3            BitMapTab[i] = ~BLOCK2[i];
  57   3          }
  58   2          break;
  59   2          //重置为爱心
  60   2          case 3:trigger_BM = 1;break;
  61   2          default:break;
  62   2        }
  63   1      }
  64          void BitMap_Init()  //点阵初始化
  65          {
  66   1        P2M1 &= 0x00;
  67   1        P2M0 |= 0xff;
  68   1        
  69   1        P3M1 &= 0xfb;
  70   1        P3M0 |= 0x04;
  71   1        
  72   1        P4M1 &= 0xfd;
  73   1        P4M0 |= 0x02;
  74   1        
  75   1        P3M1 &= 0xf7;
  76   1        P3M0 |= 0x08;
  77   1        
  78   1        P3M1 &= 0xbf;
  79   1        P3M0 |= 0x40;
  80   1        
  81   1        P4M1 &= 0xef;
  82   1        P4M0 |= 0x10;
  83   1        
  84   1        P3M1 &= 0xef;
  85   1        P3M0 |= 0x10;
  86   1        
  87   1        P4M1 &= 0xfb;
  88   1        P4M0 |= 0x04;
  89   1        
  90   1        P3M1 &= 0xdf;
  91   1        P3M0 |= 0x20;
  92   1        
  93   1        P2 = 0x00;
  94   1        BitMap1 = 0;BitMap2 = 0;BitMap3 = 0;BitMap4 = 0;BitMap5 = 0;BitMap6 = 0;BitMap7 = 0;BitMap8 = 0;
  95   1      }


MODULE INFORMATION:   STATIC OVERLAYABLE
   CODE SIZE        =    263    ----
   CONSTANT SIZE    =     40    ----
   XDATA SIZE       =   ----    ----
   PDATA SIZE       =   ----    ----
   DATA SIZE        =     18    ----
   IDATA SIZE       =   ----    ----
   BIT SIZE         =   ----    ----
END OF MODULE INFORMATION.


C51 COMPILATION COMPLETE.  0 WARNING(S),  0 ERROR(S)
