C51 COMPILER V9.52.0.0   BLEEP                                                             12/27/2021 11:00:01 PAGE 1   


C51 COMPILER V9.52.0.0, COMPILATION OF MODULE BLEEP
OBJECT MODULE PLACED IN ..\obj\Bleep.obj
COMPILER INVOKED BY: C:\Keil_C51\C51\BIN\C51.EXE ..\user\Bleep.c BROWSE INCDIR(..\user) DEBUG OBJECTEXTEND PRINT(..\list
                    -\Bleep.lst) TABS(2) OBJECT(..\obj\Bleep.obj)

line level    source

   1          #include "Bleep.h"      //·äÃùÆ÷Í·ÎÄ¼þ
   2          
   3          void Bleep_Init()       //·äÃùÆ÷³õÊ¼»¯
   4          {
   5   1        P3M1 &= 0x7f;
   6   1        P3M0 |= 0x80;
   7   1        CCON = 0;
   8   1        CL = 0;
   9   1        CH = 0;
  10   1        CMOD =0x00;
  11   1        PCA_PWM2 = 0x00;
  12   1        CCAP2H = CCAP2L = 125;
  13   1        CCAPM2 = 0x42;
  14   1        CR = 1;
  15   1      }
  16          
  17          void  Bleep(void)       //·äÃùÆ÷×Ü¿Ø
  18          {
  19   1        static  unsigned int COUNT = 0;
  20   1        if(trigger_KEY_control)   //°´¼ü´¥·¢
  21   1        {
  22   2          BleepON();              //trun on
  23   2          COUNT ++;
  24   2          if(COUNT >= 20)         //reset
  25   2          {
  26   3            COUNT = 0;
  27   3            trigger_KEY_control = 0;
  28   3            P37 = 0;
  29   3          }
  30   2        }
  31   1        else                      //trun off
  32   1        {
  33   2          BleepOFF();
  34   2          COUNT = 0;  
  35   2        }
  36   1      
  37   1      }
  38          
  39          void BleepON()  //·äÃùÆ÷¿ª
  40          {
  41   1        CR = 1;
  42   1      }
  43          void BleepOFF()//·äÃùÆ÷¹Ø
  44          {
  45   1        CR = 0;
  46   1      }


MODULE INFORMATION:   STATIC OVERLAYABLE
   CODE SIZE        =     77    ----
   CONSTANT SIZE    =   ----    ----
   XDATA SIZE       =   ----    ----
   PDATA SIZE       =   ----    ----
   DATA SIZE        =      2    ----
C51 COMPILER V9.52.0.0   BLEEP                                                             12/27/2021 11:00:01 PAGE 2   

   IDATA SIZE       =   ----    ----
   BIT SIZE         =   ----    ----
END OF MODULE INFORMATION.


C51 COMPILATION COMPLETE.  0 WARNING(S),  0 ERROR(S)
