C51 COMPILER V9.52.0.0   KEY                                                               12/27/2021 11:00:01 PAGE 1   


C51 COMPILER V9.52.0.0, COMPILATION OF MODULE KEY
OBJECT MODULE PLACED IN ..\obj\KEY.obj
COMPILER INVOKED BY: C:\Keil_C51\C51\BIN\C51.EXE ..\user\KEY.c BROWSE INCDIR(..\user) DEBUG OBJECTEXTEND PRINT(..\list\K
                    -EY.lst) TABS(2) OBJECT(..\obj\KEY.obj)

line level    source

   1          #include "KEY.h"        //按键头文件
   2          
   3          volatile bit trigger_KEY_control;   //按键检测总变量
   4          volatile bit trigger_KEY1;          //KEY1变量
   5          volatile bit trigger_KEY2;          //KEY2变量
   6          
   7          
   8          void KEY1_CHECK()                   //KEY1检查
   9          {
  10   1        static unsigned char KEY1_Cnt = 0;
  11   1        static unsigned char KEY1_Status = 0;
  12   1        
  13   1        switch(KEY1_Status)
  14   1        {
  15   2          case 0:             //default-mode Check//初始模式检查
  16   2          if(KEY1 == 0)       //check KEY1 //检测低电平
  17   2          {
  18   3            KEY1_Cnt = 0;
  19   3            KEY1_Status = 1;
  20   3          }
  21   2          else                //按住时间是否大于10ms
  22   2          {
  23   3            KEY1_Cnt ++;
  24   3            if(KEY1_Cnt >= 10)
  25   3            {
  26   4              KEY1_Cnt = 0;
  27   4              trigger_KEY1 = 0;
  28   4            }
  29   3          }
  30   2          break;              //function end//语句结束
  31   2          
  32   2          case 1:             //去抖
  33   2          if(KEY1 == 0)
  34   2          {
  35   3            KEY1_Cnt++;
  36   3            if(KEY1_Cnt >= 20)
  37   3            {
  38   4              KEY1_Cnt = 0;
  39   4              trigger_KEY1 = 1;       //KEY1变量改变
  40   4              trigger_KEY_control = 1;//按键检测总变量改变
  41   4              KEY1_Status = 2;
  42   4            }
  43   3          }
  44   2          else
  45   2          {
  46   3            KEY1_Cnt = 0;
  47   3            KEY1_Status = 0;
  48   3          }
  49   2          break;              //function end//语句结束
  50   2          
  51   2          case 2:             //复位KEY1
  52   2          if(KEY1)
  53   2          {
  54   3            KEY1_Cnt = 0;
C51 COMPILER V9.52.0.0   KEY                                                               12/27/2021 11:00:01 PAGE 2   

  55   3            KEY1_Status =0;
  56   3          }
  57   2          break;
  58   2        }
  59   1      }
  60          
  61          void KEY2_CHECK()                   //KEY2检查
  62          {
  63   1        static unsigned char KEY2_Cnt = 0;
  64   1        static unsigned char KEY2_Status = 0;
  65   1        
  66   1        switch(KEY2_Status)
  67   1        {
  68   2          case 0:             //default-mode Check//初始模式检查
  69   2          if(KEY2 == 0)       //check KEY1 //检测低电平
  70   2          {
  71   3            KEY2_Cnt = 0;
  72   3            KEY2_Status = 1;
  73   3          }
  74   2          else                //按住时间是否大于10ms
  75   2          {
  76   3            KEY2_Cnt ++;
  77   3            if(KEY2_Cnt >= 10)
  78   3            {
  79   4              KEY2_Cnt = 0;
  80   4              trigger_KEY2 = 0;
  81   4            }
  82   3          }
  83   2          break;              //function end//语句结束
  84   2          
  85   2          case 1:             //去抖
  86   2          if(KEY2 == 0)
  87   2          {
  88   3            KEY2_Cnt++;
  89   3            if(KEY2_Cnt >= 20)
  90   3            {
  91   4              KEY2_Cnt = 0;
  92   4              trigger_KEY2 = 1;       //KEY2变量改变
  93   4              trigger_KEY_control = 1;//按键检测总变量改变
  94   4              
  95   4              KEY2_Status = 2;
  96   4            }
  97   3          }
  98   2          else
  99   2          {
 100   3            KEY2_Cnt = 0;
 101   3            KEY2_Status = 0;
 102   3          }
 103   2          break;              //function end//语句结束
 104   2          
 105   2          case 2:             //复位KEY1
 106   2          if(KEY2)
 107   2          {
 108   3            KEY2_Cnt = 0;
 109   3            KEY2_Status =0;
 110   3          }
 111   2          break;
 112   2        }
 113   1      }


MODULE INFORMATION:   STATIC OVERLAYABLE
C51 COMPILER V9.52.0.0   KEY                                                               12/27/2021 11:00:01 PAGE 3   

   CODE SIZE        =    138    ----
   CONSTANT SIZE    =   ----    ----
   XDATA SIZE       =   ----    ----
   PDATA SIZE       =   ----    ----
   DATA SIZE        =      4    ----
   IDATA SIZE       =   ----    ----
   BIT SIZE         =      3    ----
END OF MODULE INFORMATION.


C51 COMPILATION COMPLETE.  0 WARNING(S),  0 ERROR(S)
