C51 COMPILER V9.52.0.0   MAIN                                                              12/27/2021 11:00:01 PAGE 1   


C51 COMPILER V9.52.0.0, COMPILATION OF MODULE MAIN
OBJECT MODULE PLACED IN ..\obj\main.obj
COMPILER INVOKED BY: C:\Keil_C51\C51\BIN\C51.EXE ..\user\main.c BROWSE INCDIR(..\user) DEBUG OBJECTEXTEND PRINT(..\list\
                    -main.lst) TABS(2) OBJECT(..\obj\main.obj)

line level    source

   1          #include "timer.h"      //计时器头文件
   2          #include "Bleep.h"      //蜂鸣器头文件
   3          #include "BitMap.h"     //点阵头文件
   4          #include "SysLed.h"     //P45系统灯头文件
   5          #include "LED.h"        //P0-LED头文件
   6          #include "KEY.h"        //按键头文件
   7          
   8          void main(void)                  //main function//主函数
   9          { 
  10   1        //部分设置初始化
  11   1        BitMap_Init();
  12   1        Bleep_Init();
  13   1        
  14   1        //定时器设置初始化
  15   1        Timer0Init();
  16   1        Timer1Init();
  17   1        while(1)
  18   1        {
  19   2          if(trigger_1ms)              //1ms trigger
  20   2          {
  21   3            trigger_1ms = 0;           //reset trigger
  22   3            KEY1_CHECK(); KEY2_CHECK();//KEY check//按键检测
  23   3            BitMap_Display();          //点阵显示图案预加载
  24   3          }
  25   2          if(trigger_10ms)             //10ms trigger
  26   2          {
  27   3            trigger_10ms = 0;          //reset trigger
  28   3            SysLED();                  //system-LED flash//P45系统灯闪烁
  29   3            Bleep();                   //蜂鸣器
  30   3            main_LED();                //P0-LED总控
  31   3            main_BitMap();             //点阵图案总控
  32   3          }
  33   2        }
  34   1      }


MODULE INFORMATION:   STATIC OVERLAYABLE
   CODE SIZE        =     45    ----
   CONSTANT SIZE    =   ----    ----
   XDATA SIZE       =   ----    ----
   PDATA SIZE       =   ----    ----
   DATA SIZE        =   ----    ----
   IDATA SIZE       =   ----    ----
   BIT SIZE         =   ----    ----
END OF MODULE INFORMATION.


C51 COMPILATION COMPLETE.  0 WARNING(S),  0 ERROR(S)
