C51 COMPILER V9.52.0.0   TIMER                                                             12/27/2021 11:00:02 PAGE 1   


C51 COMPILER V9.52.0.0, COMPILATION OF MODULE TIMER
OBJECT MODULE PLACED IN ..\obj\Timer.obj
COMPILER INVOKED BY: C:\Keil_C51\C51\BIN\C51.EXE ..\user\Timer.c BROWSE INCDIR(..\user) DEBUG OBJECTEXTEND PRINT(..\list
                    -\Timer.lst) TABS(2) OBJECT(..\obj\Timer.obj)

line level    source

   1          #include "timer.h"      //计时器头文件
   2          
   3          volatile bit trigger_1ms = 0, trigger_10ms = 0;
   4          
   5          void Timer0Init(void)   //1ms Timer @12.000MHz
   6          {
   7   1        AUXR &= 0x7F;   
   8   1        TMOD &= 0xF0; 
   9   1        TL0 = 0x18;   
  10   1        TH0 = 0xFC; 
  11   1        TF0 = 0;  
  12   1        TR0 = 1;    
  13   1        ET0 = 1;
  14   1        EA = 1;
  15   1      }
  16          
  17          void Timer1Init(void)   //10ms@12.000MHz
  18          {
  19   1        AUXR &= 0xBF;   
  20   1        TMOD &= 0x0F;   
  21   1        TL1 = 0xF0; 
  22   1        TH1 = 0xD8;   
  23   1        TF1 = 0;  
  24   1        TR1 = 1;
  25   1        ET1 = 1;
  26   1        EA = 1;
  27   1      }
  28          
  29          void T0_Isr() interrupt 1
  30          {
  31   1          trigger_1ms = 1;
  32   1      }
  33          void T1_Isr() interrupt 3
  34          {
  35   1          trigger_10ms = 1;
  36   1      }
  37          
  38          


MODULE INFORMATION:   STATIC OVERLAYABLE
   CODE SIZE        =     48    ----
   CONSTANT SIZE    =   ----    ----
   XDATA SIZE       =   ----    ----
   PDATA SIZE       =   ----    ----
   DATA SIZE        =   ----    ----
   IDATA SIZE       =   ----    ----
   BIT SIZE         =      2    ----
END OF MODULE INFORMATION.


C51 COMPILATION COMPLETE.  0 WARNING(S),  0 ERROR(S)
