C51 COMPILER V9.60.0.0   MAIN                                                              09/25/2021 10:30:55 PAGE 1   


C51 COMPILER V9.60.0.0, COMPILATION OF MODULE MAIN
OBJECT MODULE PLACED IN .\obj\main.obj
COMPILER INVOKED BY: C:\Keil_v5\C51\BIN\C51.EXE user\main.c OPTIMIZE(8,SPEED) BROWSE INCDIR(.\user) DEBUG OBJECTEXTEND P
                    -RINT(.\list\main.lst) TABS(2) OBJECT(.\obj\main.obj)

line level    source

   1          #include "timer.h"
   2          #include "Bleep.h"
   3          #include "BitMap.h"
   4          #include "SysLed.h"
   5          #include "LED.h"
   6          
   7          void main(void)       //主函数
   8          { 
   9   1        //推挽设置
  10   1        BitMap_Init();
  11   1        Bleep_Init();
  12   1        //定时器设置
  13   1        Timer0Init();
  14   1        Timer1Init();
  15   1        while(1)
  16   1        {
  17   2          if(trigger_1ms)       //1ms trigger
  18   2          {
  19   3            trigger_1ms = 0;
  20   3            BitMap_Display();
  21   3            BitMap();
  22   3          }
  23   2          if(trigger_10ms)      //10ms trigger
  24   2          {
  25   3            trigger_10ms = 0;
  26   3            SysLED();
  27   3            //nor_LED();
  28   3            LED_Display();
  29   3            Bleep();
  30   3          }
  31   2        }
  32   1      }


MODULE INFORMATION:   STATIC OVERLAYABLE
   CODE SIZE        =     39    ----
   CONSTANT SIZE    =   ----    ----
   XDATA SIZE       =   ----    ----
   PDATA SIZE       =   ----    ----
   DATA SIZE        =   ----    ----
   IDATA SIZE       =   ----    ----
   BIT SIZE         =   ----    ----
END OF MODULE INFORMATION.


C51 COMPILATION COMPLETE.  0 WARNING(S),  0 ERROR(S)
