C51 COMPILER V9.52.0.0   MAIN                                                              09/23/2021 11:21:26 PAGE 1   


C51 COMPILER V9.52.0.0, COMPILATION OF MODULE MAIN
OBJECT MODULE PLACED IN .\obj\main.obj
COMPILER INVOKED BY: C:\Keil_C51\C51\BIN\C51.EXE user\main.c BROWSE INCDIR(.\user) DEBUG OBJECTEXTEND PRINT(.\list\main.
                    -lst) TABS(2) OBJECT(.\obj\main.obj)

line level    source

   1          #include "timer.h"
   2          #include "Bleep.h"
   3          #include "BitMap.h"
   4          #include "SysLed.h"
   5          #include "P0.h"
   6          
   7          void main(void)       //主函数
   8          { 
   9   1        //推挽设置
  10   1        BitMap_Init();
  11   1        Bleep_Init();
  12   1        //定时器设置
  13   1        Timer0Init();
  14   1        Timer1Init();
  15   1        Timer2Init();
  16   1        while(1)
  17   1        {
  18   2          if(trigger_1ms)       //1ms trigger
  19   2          {
  20   3            trigger_1ms = 0;
  21   3            BitMap_Display();
  22   3            BitMap();
  23   3          }
  24   2          if(trigger_10ms)      //10ms trigger
  25   2          {
  26   3            trigger_10ms = 0;
  27   3            SysLED();
  28   3            nor_LED();
  29   3            Bleep();
  30   3          }
  31   2          if(trigger_250us)     //
  32   2          {
  33   3            trigger_250us = 0;
  34   3          }
  35   2        }
  36   1      }


MODULE INFORMATION:   STATIC OVERLAYABLE
   CODE SIZE        =     47    ----
   CONSTANT SIZE    =   ----    ----
   XDATA SIZE       =   ----    ----
   PDATA SIZE       =   ----    ----
   DATA SIZE        =   ----    ----
   IDATA SIZE       =   ----    ----
   BIT SIZE         =   ----    ----
END OF MODULE INFORMATION.


C51 COMPILATION COMPLETE.  0 WARNING(S),  0 ERROR(S)
