C51 COMPILER V9.52.0.0   P0                                                                09/23/2021 11:21:26 PAGE 1   


C51 COMPILER V9.52.0.0, COMPILATION OF MODULE P0
OBJECT MODULE PLACED IN .\obj\P0.obj
COMPILER INVOKED BY: C:\Keil_C51\C51\BIN\C51.EXE user\P0.c BROWSE INCDIR(.\user) DEBUG OBJECTEXTEND PRINT(.\list\P0.lst)
                    - TABS(2) OBJECT(.\obj\P0.obj)

line level    source

   1          #include "P0.h"
   2          
   3          unsigned char code light1_Tab[] = {0xff,0x00};
   4          unsigned char code light4_Tab[] = {0xfe,0xfd,0xfb,0xf7,0xef,0xdf,0xbf,0x7f,0xbf,0xdf,0xef,0xf7,0xfb,0xfd,0
             -xfe,0xff};
   5          
   6          //extern volatile unsigned char lightCount = 0;
   7          
   8          void nor_LED()
   9          {
  10   1        static unsigned int lightCount = 0;
  11   1        static unsigned int LED_num = 0;
  12   1        lightCount++;
  13   1        if(lightCount > 20)
  14   1        {
  15   2          lightCount = 0;
  16   2          LED_num++;
  17   2        }
  18   1        if(LED_num == 0)
  19   1        {
  20   2          P0 = light1_Tab[0];
  21   2        }
  22   1        if(LED_num == 2)
  23   1        {
  24   2          P0 = light1_Tab[1];
  25   2        }
  26   1        if(LED_num == 4)
  27   1        {
  28   2          P0 = light1_Tab[0];
  29   2        }
  30   1        if(LED_num == 6)
  31   1        {
  32   2          P0 = light1_Tab[1];
  33   2        }
  34   1        if(LED_num == 7)
  35   1        {
  36   2          P0 = light1_Tab[0];
  37   2        }
  38   1        if(LED_num == 8)
  39   1        {
  40   2          P0 = light4_Tab[0];
  41   2        }
  42   1        if(LED_num == 9)
  43   1        {
  44   2          P0 = light4_Tab[1];
  45   2        }
  46   1        if(LED_num == 10)
  47   1        {
  48   2          P0 = light4_Tab[2];
  49   2        }
  50   1        if(LED_num == 11)
  51   1        {
  52   2          P0 = light4_Tab[3];
  53   2        }
C51 COMPILER V9.52.0.0   P0                                                                09/23/2021 11:21:26 PAGE 2   

  54   1        if(LED_num == 12)
  55   1        {
  56   2          P0 = light4_Tab[4];
  57   2        }
  58   1        if(LED_num == 13)
  59   1        {
  60   2          P0 = light4_Tab[5];
  61   2        }
  62   1        if(LED_num == 14)
  63   1        {
  64   2          P0 = light4_Tab[6];
  65   2        }
  66   1        if(LED_num == 15)
  67   1        {
  68   2          P0 = light4_Tab[7];
  69   2        }
  70   1        if(LED_num == 16)
  71   1        {
  72   2          P0 = light4_Tab[8];
  73   2        }
  74   1        if(LED_num == 17)
  75   1        {
  76   2          P0 = light4_Tab[9];
  77   2        }
  78   1        if(LED_num == 18)
  79   1        {
  80   2          P0 = light4_Tab[10];
  81   2        }
  82   1        if(LED_num == 19)
  83   1        {
  84   2          P0 = light4_Tab[11];
  85   2        }
  86   1        if(LED_num == 20)
  87   1        {
  88   2          P0 = light4_Tab[12];
  89   2        }
  90   1        if(LED_num == 21)
  91   1        {
  92   2          P0 = light4_Tab[13];
  93   2        }
  94   1        if(LED_num == 22)
  95   1        {
  96   2          P0 = light4_Tab[14];
  97   2        }
  98   1        if(LED_num == 23)
  99   1        {
 100   2          P0 = light4_Tab[15];
 101   2        }
 102   1        if(LED_num == 24)
 103   1        {
 104   2          LED_num = 0;
 105   2        }
 106   1      }


MODULE INFORMATION:   STATIC OVERLAYABLE
   CODE SIZE        =    335    ----
   CONSTANT SIZE    =     18    ----
   XDATA SIZE       =   ----    ----
   PDATA SIZE       =   ----    ----
   DATA SIZE        =      4    ----
   IDATA SIZE       =   ----    ----
C51 COMPILER V9.52.0.0   P0                                                                09/23/2021 11:21:26 PAGE 3   

   BIT SIZE         =   ----    ----
END OF MODULE INFORMATION.


C51 COMPILATION COMPLETE.  0 WARNING(S),  0 ERROR(S)
