C51 COMPILER V9.52.0.0   TIMER                                                             09/23/2021 11:21:26 PAGE 1   


C51 COMPILER V9.52.0.0, COMPILATION OF MODULE TIMER
OBJECT MODULE PLACED IN .\obj\timer.obj
COMPILER INVOKED BY: C:\Keil_C51\C51\BIN\C51.EXE user\timer.c BROWSE INCDIR(.\user) DEBUG OBJECTEXTEND PRINT(.\list\time
                    -r.lst) TABS(2) OBJECT(.\obj\timer.obj)

line level    source

   1          #include "timer.h"
   2          
   3          volatile bit trigger_1ms = 0, trigger_10ms = 0 , trigger_250us = 0 ;
   4          
   5          void Timer0Init(void)   //1ms Timer @12.000MHz
   6          {
   7   1        AUXR &= 0x7F;   
   8   1        TMOD &= 0xF0; 
   9   1        TL0 = 0x18;   
  10   1        TH0 = 0xFC; 
  11   1        TF0 = 0;  
  12   1        TR0 = 1;    
  13   1        ET0 = 1;
  14   1        EA = 1;
  15   1      }
  16          
  17          void Timer1Init(void)   //10ms@12.000MHz
  18          {
  19   1        AUXR &= 0xBF;   
  20   1        TMOD &= 0x0F;   
  21   1        TL1 = 0xF0; 
  22   1        TH1 = 0xD8;   
  23   1        TF1 = 0;  
  24   1        TR1 = 1;
  25   1        ET1 = 1;
  26   1        EA = 1;
  27   1      }
  28          
  29          void Timer2Init(void)   //250us@12.000MHz
  30          {
  31   1        AUXR &= 0xFB;   
  32   1        T2L = 0x06;   
  33   1        T2H = 0xFF;   
  34   1        AUXR |= 0x10; 
  35   1      
  36   1        IE2 |= 0x04;
  37   1        EA = 1;
  38   1      }
  39          
  40          
  41          void T0_Isr() interrupt 1
  42          {
  43   1        //static unsigned int T0_Count = 0;
  44   1        //T0_Count++;
  45   1        //if(T0_Count >= 200)
  46   1        //{
  47   1          //T0_Count = 0;
  48   1          trigger_1ms = 1;
  49   1        //}
  50   1      }
  51          void T1_Isr() interrupt 3
  52          {
  53   1        //static unsigned int T1_Count = 0;
  54   1        //T1_Count++;
C51 COMPILER V9.52.0.0   TIMER                                                             09/23/2021 11:21:26 PAGE 2   

  55   1        //if(T1_Count >= 5)
  56   1        //{
  57   1          //T1_Count = 0;
  58   1          trigger_10ms = 1;
  59   1        //}
  60   1      }
  61          
  62          void T2_Isr() interrupt 12
  63          {
  64   1        //static unsigned int T2_Count = 0;
  65   1        //T2_Count++;
  66   1        //if(T2_Count >= 5000)
  67   1        //{
  68   1          //T2_Count = 0;
  69   1          trigger_250us = 1;
  70   1        //}
  71   1      }


MODULE INFORMATION:   STATIC OVERLAYABLE
   CODE SIZE        =     69    ----
   CONSTANT SIZE    =   ----    ----
   XDATA SIZE       =   ----    ----
   PDATA SIZE       =   ----    ----
   DATA SIZE        =   ----    ----
   IDATA SIZE       =   ----    ----
   BIT SIZE         =      3    ----
END OF MODULE INFORMATION.


C51 COMPILATION COMPLETE.  0 WARNING(S),  0 ERROR(S)
