C51 COMPILER V9.52.0.0   BLEEP                                                             09/25/2021 21:03:23 PAGE 1   


C51 COMPILER V9.52.0.0, COMPILATION OF MODULE BLEEP
OBJECT MODULE PLACED IN .\obj\Bleep.obj
COMPILER INVOKED BY: C:\Keil_C51\C51\BIN\C51.EXE user\Bleep.c BROWSE INCDIR(.\user) DEBUG OBJECTEXTEND PRINT(.\list\Blee
                    -p.lst) TABS(2) OBJECT(.\obj\Bleep.obj)

line level    source

   1          #include "Bleep.h"
   2          
   3          
   4          //void  Bleep_Init(void)
   5          //{
   6          //  //P37???????
   7          //  P3M1 &= 0x7f;   //0111 11111 ???,???????
   8          //  P3M0 |= 0x80;   //1000 00000 ???,???????
   9          //  
  10          //  //CON
  11          //  CCON = 0;                       //???PCA?????
  12          //                                    //PCA?????
  13          //                                    //??CF??
  14          //                                    //????????
  15          //  CL = 0;                         //??PCA???
  16          //  CH = 0;
  17          //  CMOD = 0x00;                    //??PCA??? SysClk/12
  18          //                                  //??PCA???????
  19          //  //PCA_PWM0 = 0x00;                //PCA??0???8?PWM
  20          //  //CCAP0H = CCAP0L = 0x20;         //PWM0?????87.5% ((100H-20H)/100H)
  21          //  //CCAPM0 = 0x42;                  //PCA??0?8?PWM??
  22          
  23          //  //PCA_PWM1 = 0x40;                //PCA??1???7?PWM
  24          //  //CCAP1H = CCAP1L = 0x20;         //PWM1?????75% ((80H-20H)/80H)
  25          //  //CCAPM1 = 0x42;                  //PCA??1?7?PWM??
  26          
  27          //  PCA_PWM2 = 0x00;                //PCA??0???8?PWM
  28          //  CCAP2H = CCAP2L = 125;         //PWM0?????50% 
  29          //  CCAPM2 = 0x42;                  //PCA??2?8?PWM??
  30          
  31          //  CR = 1;                         //PCA???????
  32          //  
  33          //}
  34          
  35          //void  BleepON(void)
  36          //{
  37          //  //CR = 1;                         //PCA???????
  38          //  CCAP2H = CCAP2L = 125;         //PWM0?????50% 
  39          //}
  40          
  41          //void  BleepOFF(void)
  42          //{
  43          //  //CR = 0;                         //PCA???????
  44          //  CCAP2H = CCAP2L = 255;         //????0%,????? 
  45          //}
  46          
  47          //void  Bleep(void)
  48          //{
  49          //  static  unsigned int Time100ms_Cnt = 0;   //????,??100ms
  50          //  
  51          //  
  52          //  if(trigger_KEY_control)
  53          //  {
  54          //    BleepON();//P37 = !P37;
C51 COMPILER V9.52.0.0   BLEEP                                                             09/25/2021 21:03:23 PAGE 2   

  55          //    Time100ms_Cnt ++;
  56          //    if(Time100ms_Cnt >= 100)
  57          //    {
  58          //      Time100ms_Cnt = 0;
  59          //      trigger_KEY_control = 0;
  60          //      P37 = 0;
  61          //    }
  62          //  }
  63          //  else
  64          //  {
  65          //    BleepOFF();
  66          //    Time100ms_Cnt = 0;  
  67          //  }
  68          
  69          //}
  70          
  71          //void Bleep(void)
  72          //{
  73          //  static unsigned int Time100ms_Cnt = 0;
  74          //  if(trigger_KEY_control)
  75          //  {
  76          //    P37 = !P37;
  77          //    Time100ms_Cnt ++;
  78          //    if(Time100ms_Cnt >= 100)
  79          //    {
  80          //      Time100ms_Cnt = 0;
  81          //      trigger_KEY_control = 0;  
  82          //    }
  83          //  }
  84          //  else 
  85          //  {
  86          //    P37 = 0;
  87          //    trigger_KEY_control = 0;
  88          //  }
  89          //}
  90          
  91          void Bleep_Init()
  92          {
  93   1        P3M1 &= 0x7f;
  94   1        P3M0 |= 0x80;
  95   1        CCON = 0;
  96   1        CL = 0;
  97   1        CH = 0;
  98   1        CMOD =0x00;
  99   1        PCA_PWM2 = 0x00;
 100   1        CCAP2H = CCAP2L = 125;
 101   1        CCAPM2 = 0x42;
 102   1        CR = 1;
 103   1      }
 104          void BleepON()
 105          {
 106   1        CR = 1;
 107   1      }
 108          void BleepOFF()
 109          {
 110   1        CR = 0;
 111   1      }
 112          void Bleep()
 113          {
 114   1        static unsigned char Count = 0;
 115   1        static unsigned char Bleep_Count = 0;
 116   1        Count ++;
C51 COMPILER V9.52.0.0   BLEEP                                                             09/25/2021 21:03:23 PAGE 3   

 117   1        if(Count >=20)
 118   1        {
 119   2          Count = 0;
 120   2          Bleep_Count ++;
 121   2          if(Bleep_Count >= 5)
 122   2          {
 123   3            Bleep_Count = 0;
 124   3          }
 125   2        }
 126   1          switch(Bleep_Count)
 127   1        {
 128   2          case 0:BleepON();break;
 129   2          case 1:BleepON();break;
 130   2          case 2:BleepOFF();break;
 131   2          case 3:BleepOFF();break;
 132   2          case 4:BleepOFF();break;
 133   2        }
 134   1        }


MODULE INFORMATION:   STATIC OVERLAYABLE
   CODE SIZE        =     85    ----
   CONSTANT SIZE    =   ----    ----
   XDATA SIZE       =   ----    ----
   PDATA SIZE       =   ----    ----
   DATA SIZE        =      2    ----
   IDATA SIZE       =   ----    ----
   BIT SIZE         =   ----    ----
END OF MODULE INFORMATION.


C51 COMPILATION COMPLETE.  0 WARNING(S),  0 ERROR(S)
