C51 COMPILER V9.52.0.0   MAIN                                                              09/25/2021 21:03:23 PAGE 1   


C51 COMPILER V9.52.0.0, COMPILATION OF MODULE MAIN
OBJECT MODULE PLACED IN .\obj\main.obj
COMPILER INVOKED BY: C:\Keil_C51\C51\BIN\C51.EXE user\main.c BROWSE INCDIR(.\user) DEBUG OBJECTEXTEND PRINT(.\list\main.
                    -lst) TABS(2) OBJECT(.\obj\main.obj)

line level    source

   1          #include "timer.h"
   2          #include "Bleep.h"
   3          #include "BitMap.h"
   4          #include "SysLed.h"
   5          #include "LED.h"
   6          #include "KEY.h"
   7          #include "Uart.h"
   8          
   9          void main(void)       //主函数
  10          { 
  11   1        //推挽设置
  12   1        BitMap_Init();
  13   1        Bleep_Init();
  14   1        UartInit();
  15   1      //  P3M1 = 0x00;
  16   1       // P3M0 = 0xff;
  17   1        //定时器设置
  18   1        Timer0Init();
  19   1        Timer1Init();
  20   1        
  21   1        while(1)
  22   1        {
  23   2          if(trigger_1ms)       //1ms trigger
  24   2          {
  25   3            trigger_1ms = 0;
  26   3            BitMap_Display();
  27   3            BitMap();
  28   3          }
  29   2          if(trigger_10ms)      //10ms trigger
  30   2          {
  31   3            trigger_10ms = 0;
  32   3            SysLED();
  33   3            LED_Display();
  34   3            Bleep();
  35   3            //KEY1_CHECK();
  36   3          //  KEY2_CHECK();
  37   3          }
  38   2        }
  39   1      }


MODULE INFORMATION:   STATIC OVERLAYABLE
   CODE SIZE        =     42    ----
   CONSTANT SIZE    =   ----    ----
   XDATA SIZE       =   ----    ----
   PDATA SIZE       =   ----    ----
   DATA SIZE        =   ----    ----
   IDATA SIZE       =   ----    ----
   BIT SIZE         =   ----    ----
END OF MODULE INFORMATION.


C51 COMPILATION COMPLETE.  0 WARNING(S),  0 ERROR(S)
