C51 COMPILER V9.52.0.0   XYZ                                                               09/14/2021 20:37:34 PAGE 1   


C51 COMPILER V9.52.0.0, COMPILATION OF MODULE XYZ
OBJECT MODULE PLACED IN ..\obj\xyz.obj
COMPILER INVOKED BY: C:\Keil_C51\C51\BIN\C51.EXE ..\user\xyz.c BROWSE INCDIR(..\user) DEBUG OBJECTEXTEND PRINT(..\list\x
                    -yz.lst) TABS(2) OBJECT(..\obj\xyz.obj)

line level    source

   1          #include "data.H"
   2          
   3          sbit BitMap1 = P3^2;  //P32
   4          sbit BitMap2 = P4^1;  //P41
   5          sbit BitMap3 = P3^3;  //P33
   6          sbit BitMap4 = P3^6;  //P36
   7          sbit BitMap5 = P4^4;  //P44
   8          sbit BitMap6 = P3^4;  //P34
   9          sbit BitMap7 = P4^2;  //P42
  10          sbit BitMap8 = P3^5;  //P35
  11          unsigned int BitMap_Count = 0;
  12          void Delay200ms();
  13          void BitMap_Init();
  14          void Timer0Init();
  15          void BitMap_control();
  16          void Timer0Isr();
  17          
  18          
  19          void main(void)  //main function//主函数
  20          {
  21   1        BitMap_Init();
  22   1        Timer0Init();
  23   1        TR0 =1;
  24   1        while(1)
  25   1        {
  26   2          BitMap_control();
  27   2        }
  28   1      }
  29          
  30          void BitMap_Init()  //推挽输出
  31          {
  32   1        P2M1 &= 0x00;
  33   1        P2M0 |= 0xff;
  34   1        
  35   1        P3M1 &= 0xfb;
  36   1        P3M0 |= 0x04;
  37   1        
  38   1        P4M1 &= 0xfd;
  39   1        P4M0 |= 0x02;
  40   1        
  41   1        P3M1 &= 0xf7;
  42   1        P3M0 |= 0x08;
  43   1        
  44   1        P3M1 &= 0xbf;
  45   1        P3M0 |= 0x40;
  46   1        
  47   1        P4M1 &= 0xef;
  48   1        P4M0 |= 0x10;
  49   1        
  50   1        P3M1 &= 0xef;
  51   1        P3M0 |= 0x10;
  52   1        
  53   1        P4M1 &= 0xfb;
  54   1        P4M0 |= 0x04;
C51 COMPILER V9.52.0.0   XYZ                                                               09/14/2021 20:37:34 PAGE 2   

  55   1        
  56   1        P3M1 &= 0xdf;
  57   1        P3M0 |= 0x20;
  58   1        
  59   1        P2 = 0x00;
  60   1        BitMap1 = 0;BitMap2 = 0;BitMap3 = 0;BitMap4 = 0;BitMap5 = 0;BitMap6 = 0;BitMap7 = 0;BitMap8 = 0;
  61   1      }
  62          void Timer0Isr() interrupt 1  //中断服务
  63          {
  64   1        static unsigned int Time1sCnt = 0;
  65   1         Time1sCnt++;
  66   1        if (Time1sCnt >= 30)
  67   1        {
  68   2          Time1sCnt = 0;
  69   2          if(BitMap_Count <= 8)
  70   2          {
  71   3            BitMap_Count ++;
  72   3          }
  73   2          else
  74   2          {
  75   3            BitMap_Count = 0;
  76   3          }
  77   2        }
  78   1      }
  79          void BitMap_control()  //BitMap //点阵图图案控制
  80          {
  81   1        if(BitMap_Count == 1)        //P32
  82   1        {
  83   2          BitMap1 = 1;BitMap2 = 0;BitMap3 = 0;BitMap4 = 0;BitMap5 = 0;BitMap6 = 0;BitMap7 = 0;BitMap8 = 0;
  84   2        }
  85   1        else if (BitMap_Count == 2)  //P41
  86   1        {
  87   2          BitMap1 = 0;BitMap2 = 1;BitMap3 = 0;BitMap4 = 0;BitMap5 = 0;BitMap6 = 0;BitMap7 = 0;BitMap8 = 0;
  88   2        }
  89   1        else if (BitMap_Count == 3)  //P33
  90   1        {
  91   2          BitMap1 = 0;BitMap2 = 0;BitMap3 = 1;BitMap4 = 0;BitMap5 = 0;BitMap6 = 0;BitMap7 = 0;BitMap8 = 0;
  92   2        }
  93   1        else if (BitMap_Count == 4)  //P36
  94   1        {
  95   2          BitMap1 = 0;BitMap2 = 0;BitMap3 = 0;BitMap4 = 1;BitMap5 = 0;BitMap6 = 0;BitMap7 = 0;BitMap8 = 0;
  96   2        }
  97   1        else if (BitMap_Count == 5)  //P44
  98   1        {
  99   2          BitMap1 = 0;BitMap2 = 0;BitMap3 = 0;BitMap4 = 0;BitMap5 = 1;BitMap6 = 0;BitMap7 = 0;BitMap8 = 0;
 100   2        }
 101   1        else if (BitMap_Count == 6)  //P34
 102   1        {
 103   2          BitMap1 = 0;BitMap2 = 0;BitMap3 = 0;BitMap4 = 0;BitMap5 = 0;BitMap6 = 1;BitMap7 = 0;BitMap8 = 0;
 104   2        }
 105   1        else if (BitMap_Count == 7)  //P42
 106   1        {
 107   2          BitMap1 = 0;BitMap2 = 0;BitMap3 = 0;BitMap4 = 0;BitMap5 = 0;BitMap6 = 0;BitMap7 = 1;BitMap8 = 0;
 108   2        }
 109   1        else if (BitMap_Count == 8)  //P35
 110   1        {
 111   2          BitMap1 = 0;BitMap2 = 0;BitMap3 = 0;BitMap4 = 0;BitMap5 = 0;BitMap6 = 0;BitMap7 = 0;BitMap8 = 1;
 112   2        }
 113   1      }
 114          void Timer0Init(void)   //5ms@11.0592MHz//定时器5ms
 115          {
 116   1        AUXR &= 0x7F;
C51 COMPILER V9.52.0.0   XYZ                                                               09/14/2021 20:37:34 PAGE 3   

 117   1        TMOD &= 0xF0;
 118   1        TL0 = 0x00;
 119   1        TH0 = 0xEE;
 120   1        TF0 = 0;
 121   1        TR0 = 1;
 122   1        ET0 = 1;
 123   1        EA = 1;
 124   1      }
 125          /*void Delay200ms()   //@11.0592MHz
 126          {
 127            unsigned char i, j, k;
 128          
 129            i = 9;
 130            j = 104;
 131            k = 139;
 132            do
 133            {
 134              do
 135              {
 136                while (--k);
 137              } while (--j);
 138            } while (--i);
 139          }*/


MODULE INFORMATION:   STATIC OVERLAYABLE
   CODE SIZE        =    332    ----
   CONSTANT SIZE    =   ----    ----
   XDATA SIZE       =   ----    ----
   PDATA SIZE       =   ----    ----
   DATA SIZE        =      4    ----
   IDATA SIZE       =   ----    ----
   BIT SIZE         =   ----    ----
END OF MODULE INFORMATION.


C51 COMPILATION COMPLETE.  0 WARNING(S),  0 ERROR(S)
