C51 COMPILER V9.52.0.0   COMMAND                                                           09/26/2021 20:09:48 PAGE 1   


C51 COMPILER V9.52.0.0, COMPILATION OF MODULE COMMAND
OBJECT MODULE PLACED IN .\obj\command.obj
COMPILER INVOKED BY: C:\Keil_C51\C51\BIN\C51.EXE user\command.c BROWSE INCDIR(.\user) DEBUG OBJECTEXTEND PRINT(.\list\co
                    -mmand.lst) TABS(2) OBJECT(.\obj\command.obj)

line level    source

   1          #include "command.H"
   2          
   3          void poem()
   4          {
   5   1        switch(Rec_Val)
   6   1        {
   7   2          case '1':
   8   2          SendMsg("        ");Rec_Val = 0;
   9   2          break;
  10   2          
  11   2          case '2':
  12   2          SendMsg(" Wow!\r\n \n");Rec_Val = 0;
  13   2          break;
  14   2          
  15   2          case '3':
  16   2          SendMsg(" 床前明月光疑是地上霜举头望明月低头思故乡！\r\n \n");Rec_Val = 0;
  17   2          break;
  18   2          
  19   2          case '4':
  20   2          SendMsg(" 你好中国！\r\n \n");Rec_Val = 0;
  21   2          break;
  22   2          
  23   2          case '5':
  24   2          SendMsg(" Warning! A huge battleship STEVE is approaching fast!\r\n \n");Rec_Val = 0;
  25   2          break;
  26   2          
  27   2          case '6':
  28   2          SendMsg(" Stay safe!\r\n \n");Rec_Val = 0;
  29   2          break;
  30   2          
  31   2          case '7':
  32   2          SendMsg(" Now Java16!\r\n \n");Rec_Val = 0;
  33   2          break;
  34   2          
  35   2          case '8':
  36   2          SendMsg(" Made by real people!\r\n \n");Rec_Val = 0;
  37   2          break;
  38   2          
  39   2          default:
  40   2          
  41   2          break;
  42   2        }
  43   1      }
  44          


MODULE INFORMATION:   STATIC OVERLAYABLE
   CODE SIZE        =    122    ----
   CONSTANT SIZE    =    198    ----
   XDATA SIZE       =   ----    ----
   PDATA SIZE       =   ----    ----
   DATA SIZE        =   ----    ----
   IDATA SIZE       =   ----    ----
   BIT SIZE         =   ----    ----
C51 COMPILER V9.52.0.0   COMMAND                                                           09/26/2021 20:09:48 PAGE 2   

END OF MODULE INFORMATION.


C51 COMPILATION COMPLETE.  0 WARNING(S),  0 ERROR(S)
