C51 COMPILER V9.52.0.0   MAIN                                                              09/28/2021 10:43:43 PAGE 1   


C51 COMPILER V9.52.0.0, COMPILATION OF MODULE MAIN
OBJECT MODULE PLACED IN .\obj\main.obj
COMPILER INVOKED BY: C:\Keil_C51\C51\BIN\C51.EXE user\main.c BROWSE INCDIR(.\user) DEBUG OBJECTEXTEND PRINT(.\list\main.
                    -lst) TABS(2) OBJECT(.\obj\main.obj)

line level    source

   1          #include "timer.h"
   2          #include "Bleep.h"
   3          #include "BitMap.h"
   4          #include "SysLed.h"
   5          #include "LED.h"
   6          #include "KEY.h"
   7          
   8          void main(void)       //主函数
   9          { 
  10   1        //推挽设置
  11   1        BitMap_Init();
  12   1        Bleep_Init();
  13   1        //定时器设置
  14   1        Timer0Init();
  15   1        Timer1Init();
  16   1        while(1)
  17   1        {
  18   2          if(trigger_1ms)       //1ms trigger
  19   2          {
  20   3            trigger_1ms = 0;
  21   3            KEY1_CHECK(); KEY2_CHECK();
  22   3            BitMap_Display();
  23   3            SysLED();
  24   3            
  25   3          }
  26   2          if(trigger_10ms)      //10ms trigger
  27   2          {
  28   3            trigger_10ms = 0;
  29   3            
  30   3            
  31   3            Bleep();
  32   3            main_LED();
  33   3            main_BitMap();
  34   3            
  35   3            
  36   3            
  37   3            
  38   3          }
  39   2        }
  40   1      }


MODULE INFORMATION:   STATIC OVERLAYABLE
   CODE SIZE        =     45    ----
   CONSTANT SIZE    =   ----    ----
   XDATA SIZE       =   ----    ----
   PDATA SIZE       =   ----    ----
   DATA SIZE        =   ----    ----
   IDATA SIZE       =   ----    ----
   BIT SIZE         =   ----    ----
END OF MODULE INFORMATION.


C51 COMPILATION COMPLETE.  0 WARNING(S),  0 ERROR(S)
