C51 COMPILER V9.52.0.0   UART                                                              09/26/2021 20:09:36 PAGE 1   


C51 COMPILER V9.52.0.0, COMPILATION OF MODULE UART
OBJECT MODULE PLACED IN .\obj\Uart.obj
COMPILER INVOKED BY: C:\Keil_C51\C51\BIN\C51.EXE user\Uart.c BROWSE INCDIR(.\user) DEBUG OBJECTEXTEND PRINT(.\list\Uart.
                    -lst) TABS(2) OBJECT(.\obj\Uart.obj)

line level    source

   1          #include "Uart.H"   //包含头文件 自己创建的！！！！
   2          
   3          
   4          volatile  unsigned int Rec_Val = 0;  //定义全局变量，用于存放串口1接收到的数据
   5          static bit busy = 0;  //定义静态全局变量，注意这个全局不怎么全局，只是在文本件中使用
   6          
   7          void SendData(unsigned char dat);
   8          void SendMsg(char *s);
   9          
  10          
  11          void UartInit(void)   //9600bps@11.0592MHz
  12          {
  13   1        SCON = 0x50;    //8位数据,可变波特率
  14   1        AUXR |= 0x01;   //串口1选择定时器2为波特率发生器
  15   1        AUXR |= 0x04;   //定时器2时钟为Fosc,即1T
  16   1        T2L = 0xE0;   //设定定时初值
  17   1        T2H = 0xFE;   //设定定时初值
  18   1        AUXR |= 0x10;   //启动定时器2
  19   1        
  20   1        ES = 1;       //开放串口1中断
  21   1        EA = 1;       //开放总中断
  22   1        
  23   1        SendMsg("STC15F2K60S2\r\n I am Ready !\r\n 我爱中国！\r\n");//
  24   1        
  25   1      }
  26          
  27          /*----------------------------
  28          UART 中断服务程序
  29          -----------------------------*/
  30          void Uart(void) interrupt 4
  31          {
  32   1          if (RI)                     //接收到一个数据
  33   1          {
  34   2              RI = 0;                 //清除RI位
  35   2              P0 = SBUF;              //P0显示串口数据
  36   2              Rec_Val =  SBUF;        //将接收到数据存入变量，以供其他地方使用
  37   2              SBUF = Rec_Val;        //写SBUF，其实就是发送！
  38   2      //        if((Rec_Val >= '1')&&(Rec_Val <= '8'))
  39   2      //        {
  40   2      //          SBUF = 'Y';
  41   2      //        }
  42   2      //        else
  43   2      //        {
  44   2      //          SBUF = 'N';
  45   2      //        }
  46   2          }   
  47   1          if (TI)                     //一个数据发送完成
  48   1          {
  49   2              TI = 0;                 //清除TI位
  50   2              busy = 0;               //清忙标志
  51   2          }
  52   1      }
  53          
  54          /*----------------------------
C51 COMPILER V9.52.0.0   UART                                                              09/26/2021 20:09:36 PAGE 2   

  55          发送串口数据
  56          ----------------------------*/
  57          void SendData(unsigned char dat)
  58          {
  59   1          while (busy);               //等待前面的数据发送完成
  60   1          busy = 1;
  61   1          SBUF = dat;                 //写数据到UART数据寄存器
  62   1      }
  63          
  64          /*----------------------------
  65          发送字符串
  66          ----------------------------*/
  67          void SendMsg(char *s)
  68          {
  69   1          while (*s)                  //检测字符串结束标志
  70   1          {
  71   2              SendData(*s++);         //发送当前字符
  72   2          }
  73   1      }


MODULE INFORMATION:   STATIC OVERLAYABLE
   CODE SIZE        =    113    ----
   CONSTANT SIZE    =     43    ----
   XDATA SIZE       =   ----    ----
   PDATA SIZE       =   ----    ----
   DATA SIZE        =      2       3
   IDATA SIZE       =   ----    ----
   BIT SIZE         =      1    ----
END OF MODULE INFORMATION.


C51 COMPILATION COMPLETE.  0 WARNING(S),  0 ERROR(S)
