C51 COMPILER V9.52.0.0   MAIN_1                                                            09/03/2021 11:08:06 PAGE 1   


C51 COMPILER V9.52.0.0, COMPILATION OF MODULE MAIN_1
OBJECT MODULE PLACED IN ..\OBJ\main_1.obj
COMPILER INVOKED BY: C:\Keil_C51\C51\BIN\C51.EXE ..\USER\main_1.c BROWSE INCDIR(..\USER) DEBUG OBJECTEXTEND PRINT(..\LIS
                    -T\main_1.lst) TABS(2) OBJECT(..\OBJ\main_1.obj)

line level    source

   1          #include "STCF4.H"
   2          
   3          
   4          void Delay200ms(void)   //@11.0592MHz
   5          {
   6   1        unsigned char i, j, k;
   7   1      
   8   1        i = 22;
   9   1        j = 3;
  10   1        k = 227;
  11   1        do
  12   1        {
  13   2          do
  14   2          {
  15   3            while (--k);
  16   3          } while (--j);
  17   2        } while (--i);
  18   1      }
  19          
  20          
  21           void main1(void)
  22            {
  23   1          while(1)
  24   1          {
  25   2            P0 = 0x55;
  26   2            Delay200ms();
  27   2            P0 = 0xff;
  28   2            Delay200ms();
  29   2          }
  30   1        
  31   1        }


MODULE INFORMATION:   STATIC OVERLAYABLE
   CODE SIZE        =     27    ----
   CONSTANT SIZE    =   ----    ----
   XDATA SIZE       =   ----    ----
   PDATA SIZE       =   ----    ----
   DATA SIZE        =   ----    ----
   IDATA SIZE       =   ----    ----
   BIT SIZE         =   ----    ----
END OF MODULE INFORMATION.


C51 COMPILATION COMPLETE.  0 WARNING(S),  0 ERROR(S)
