C51 COMPILER V9.52.0.0   MAIN                                                              09/06/2021 11:11:10 PAGE 1   


C51 COMPILER V9.52.0.0, COMPILATION OF MODULE MAIN
OBJECT MODULE PLACED IN ..\OBJ\main.obj
COMPILER INVOKED BY: C:\Keil_C51\C51\BIN\C51.EXE ..\USER\main.c BROWSE INCDIR(..\USER) DEBUG OBJECTEXTEND PRINT(..\LIST\
                    -main.lst) TABS(2) OBJECT(..\OBJ\main.obj)

line level    source

   1          #include "STCF5.H"
   2              
   3          void Delay100ms(void)                 //set colock-100ms @11.0592MHz
   4          {
   5   1        unsigned char i, j, k;
   6   1      
   7   1        i = 22;
   8   1        j = 3;
   9   1        k = 227;
  10   1        do
  11   1        {
  12   2          do
  13   2          {
  14   3            while (--k);
  15   3          } while (--j);
  16   2        } while (--i);
  17   1      }
  18          
  19          
  20           void main(void)                     // LED
  21            {
  22   1          while(1)
  23   1          {
  24   2            P45 = 0;
  25   2            Delay100ms();
  26   2            P45 = 1;
  27   2            Delay100ms();
  28   2          }
  29   1            do
  30   1            {
  31   2              while(1)
  32   2              {
  33   3                P0 = 0xfe;
  34   3                Delay100ms();
  35   3                P0 = 0xdf;
  36   3                Delay100ms();
  37   3              }
  38   2            }
  39   1        }
*** ERROR C141 IN LINE 39 OF ..\USER\main.c: syntax error near '}', expected 'while'

C51 COMPILATION COMPLETE.  0 WARNING(S),  1 ERROR(S)
