C51 COMPILER V9.52.0.0   MAIN1                                                             09/06/2021 10:51:51 PAGE 1   


C51 COMPILER V9.52.0.0, COMPILATION OF MODULE MAIN1
OBJECT MODULE PLACED IN ..\OBJ\main1.obj
COMPILER INVOKED BY: C:\Keil_C51\C51\BIN\C51.EXE ..\USER\main1.c BROWSE INCDIR(..\USER) DEBUG OBJECTEXTEND PRINT(..\LIST
                    -\main1.lst) TABS(2) OBJECT(..\OBJ\main1.obj)

line level    source

   1          //#include "STCF5.H"
   2          
   3          
   4          //void Delay200ms(void)   //@11.0592MHz
   5          //{
   6          //  unsigned char i, j, k;
   7          
   8          //  i = 22;
   9          //  j = 3;
  10          //  k = 227;
  11          //  do
  12          //  {
  13          //    do
  14          //    {
  15          //      while (--k);
  16          //    } while (--j);
  17          //  } while (--i);
  18          //}
  19          
  20          
  21          // void main1(void)
  22          //  {
  23          //    while(1)
  24          //    {
  25          //      P0 = 0x55;
  26          //      Delay200ms();
  27          //      P0 = 0xff;
  28          //      Delay200ms();
  29          //    }
  30          //  
  31          //  }


MODULE INFORMATION:   STATIC OVERLAYABLE
   CODE SIZE        =   ----    ----
   CONSTANT SIZE    =   ----    ----
   XDATA SIZE       =   ----    ----
   PDATA SIZE       =   ----    ----
   DATA SIZE        =   ----    ----
   IDATA SIZE       =   ----    ----
   BIT SIZE         =   ----    ----
END OF MODULE INFORMATION.


C51 COMPILATION COMPLETE.  0 WARNING(S),  0 ERROR(S)
