C51 COMPILER V9.52.0.0   TIMER2                                                            09/15/2021 10:43:04 PAGE 1   


C51 COMPILER V9.52.0.0, COMPILATION OF MODULE TIMER2
OBJECT MODULE PLACED IN ..\obj\timer2.obj
COMPILER INVOKED BY: C:\Keil_C51\C51\BIN\C51.EXE ..\user\timer2.c BROWSE INCDIR(..\user) DEBUG OBJECTEXTEND PRINT(..\lis
                    -t\timer2.lst) TABS(2) OBJECT(..\obj\timer2.obj)

line level    source

   1          #include "data.H"
   2          
   3          void Timer0Init();
   4          void Timer1Init();
   5          void Timer2Init();
   6          
   7          
   8          void main()
   9          {
  10   1        Timer0Init();
  11   1        Timer1Init();
  12   1        Timer2Init();
  13   1        while(1)
  14   1        {
  15   2        
  16   2        }
  17   1      }
  18          
  19          void T0Isr() interrupt 1  //中断服务 蜂鸣器控制
  20          {
  21   1        P37 = !P37;
  22   1      }
  23          
  24          void T1Isr() interrupt 3  //中断服务 P0控制
  25          {
  26   1        static unsigned int T1Count = 0;
  27   1        T1Count ++;
  28   1        if(T1Count >= 10)
  29   1        {
  30   2          T1Count = 0;
  31   2          P0 = ~P0;
  32   2        }
  33   1      }
  34          
  35          void T2Isr() interrupt 12 //中断服务 P45控制
  36          {
  37   1        static unsigned int T2Count = 0;
  38   1        T2Count ++;
  39   1        if(T2Count >= 10)
  40   1        {
  41   2          T2Count = 0;
  42   2          P45 = !P45;
  43   2        }
  44   1      }
  45          
  46          
  47          void Timer0Init(void)   //350us@12.000MHz
  48          {
  49   1        AUXR |= 0x80;   
  50   1        TMOD &= 0xF0;   
  51   1        TL0 = 0x98; 
  52   1        TH0 = 0xEF; 
  53   1        TF0 = 0;    
  54   1        TR0 = 1;  
C51 COMPILER V9.52.0.0   TIMER2                                                            09/15/2021 10:43:04 PAGE 2   

  55   1        ET0 = 1;
  56   1        EA = 1;
  57   1      }
  58          void Timer1Init(void)   //50ms@12.000MHz
  59          {
  60   1        AUXR &= 0xBF;   
  61   1        TL1 = 0xB0; 
  62   1        TH1 = 0x3C; 
  63   1        TF1 = 0;  
  64   1        TR1 = 1;    
  65   1        ET1 = 1;
  66   1        EA = 1;
  67   1      }
  68          void Timer2Init(void)   //20ms@12.000MHz
  69          {
  70   1        AUXR &= 0xFB;
  71   1        T2L = 0xE0;   
  72   1        T2H = 0xB1;   
  73   1        AUXR |= 0x10; 
  74   1        IE2 |= 0x04;
  75   1        EA = 1;
  76   1      }
  77          


MODULE INFORMATION:   STATIC OVERLAYABLE
   CODE SIZE        =    140    ----
   CONSTANT SIZE    =   ----    ----
   XDATA SIZE       =   ----    ----
   PDATA SIZE       =   ----    ----
   DATA SIZE        =      4    ----
   IDATA SIZE       =   ----    ----
   BIT SIZE         =   ----    ----
END OF MODULE INFORMATION.


C51 COMPILATION COMPLETE.  0 WARNING(S),  0 ERROR(S)
