C51 COMPILER V9.52.0.0   TIMER                                                             09/15/2021 10:44:49 PAGE 1   


C51 COMPILER V9.52.0.0, COMPILATION OF MODULE TIMER
OBJECT MODULE PLACED IN ..\obj\timer.obj
COMPILER INVOKED BY: C:\Keil_C51\C51\BIN\C51.EXE ..\user\timer.c BROWSE INCDIR(..\user) DEBUG OBJECTEXTEND PRINT(..\list
                    -\timer.lst) TABS(2) OBJECT(..\obj\timer.obj)

line level    source

   1          #include "data.H"
   2          
   3          /*void BleepDelay()   //@11.0592MHz
   4          {
   5            unsigned char i, j;
   6            i = 20;
   7            j = 200;
   8            do
   9            {
  10              while (--j);
  11            } while (--i);
  12          }*/
  13          
  14          
  15          void Timer0Init(void)   //100??@12.000MHz
  16          {
  17   1        AUXR |= 0x80;   //?????1T??
  18   1        TMOD &= 0xF0;   //???????
  19   1        TL0 = 0x50;   //??????
  20   1        TH0 = 0xFB;   //??????
  21   1        TF0 = 0;    //??TF0??
  22   1        TR0 = 1;  
  23   1        ET0 = 1;
  24   1        EA = 1;
  25   1      }
  26          void Timer0Isr() interrupt 1
  27          {
  28   1        static unsigned int Time1sCnt = 0;
  29   1        static bit BleepCount = 1;
  30   1         Time1sCnt++;
  31   1        if (Time1sCnt >= 4000)
  32   1        {
  33   2          Time1sCnt = 0;
  34   2          BleepCount = !BleepCount;
  35   2        }
  36   1        if(BleepCount)
  37   1         {
  38   2          P37 = !P37;
  39   2         }
  40   1        else
  41   1         {
  42   2          P37 = 0;
  43   2         }
  44   1      }
  45          void main(void)
  46          {
  47   1        Timer0Init();
  48   1        P3M1 &= 0x7f;
  49   1        P3M0 |= 0x80;
  50   1       while(1)
  51   1       {
  52   2        }
  53   1      }

C51 COMPILER V9.52.0.0   TIMER                                                             09/15/2021 10:44:49 PAGE 2   


MODULE INFORMATION:   STATIC OVERLAYABLE
   CODE SIZE        =     75    ----
   CONSTANT SIZE    =   ----    ----
   XDATA SIZE       =   ----    ----
   PDATA SIZE       =   ----    ----
   DATA SIZE        =      2    ----
   IDATA SIZE       =   ----    ----
   BIT SIZE         =      1    ----
END OF MODULE INFORMATION.


C51 COMPILATION COMPLETE.  0 WARNING(S),  0 ERROR(S)
