C51 COMPILER V9.52.0.0   TIMER5                                                            09/16/2021 08:37:30 PAGE 1   


C51 COMPILER V9.52.0.0, COMPILATION OF MODULE TIMER5
OBJECT MODULE PLACED IN ..\obj\timer5.obj
COMPILER INVOKED BY: C:\Keil_C51\C51\BIN\C51.EXE ..\user\timer5.c BROWSE INCDIR(..\user) DEBUG OBJECTEXTEND PRINT(..\lis
                    -t\timer5.lst) TABS(2) OBJECT(..\obj\timer5.obj)

line level    source

   1          #include "data.H"
   2          
   3          sbit BitMap1 = P3^2;  //P32
   4          sbit BitMap2 = P4^1;  //P41
   5          sbit BitMap3 = P3^3;  //P33
   6          sbit BitMap4 = P3^6;  //P36
   7          sbit BitMap5 = P4^4;  //P44
   8          sbit BitMap6 = P3^4;  //P34
   9          sbit BitMap7 = P4^2;  //P42
  10          sbit BitMap8 = P3^5;  //P35
  11          
  12          unsigned int code FontTab0[] = {0x01,0x02,0x04,0x08,0x10,0x20,0x40,0x80};
  13          
  14          //unsigned int code FontTab1[] = {0x36,0x49,0x41,0x22,0x14,0x08};
  15          //unsigned int code FontTab2[] = {0x0e,0x11,0x10};
  16          //unsigned int code FontTab3[] = {0x10,0x16,0x11};
  17          //unsigned int code FontTab4[] = {0x02,0x00};
  18          //unsigned int code FontTab5[] = {0x1e,0x11};
  19          //unsigned int code FontTab6[] = {0x0e,0x01,0x0f,0x11};
  20          void BitMap_Init();
  21          void Timer0Init();
  22          void Timer1Init();
  23          void Timer2Init();
  24          void Timer0Isr();
  25          void Timer1Isr();
  26          void Timer2Isr();
  27          //
  28          void main(void)
  29          {
  30   1        BitMap_Init();
  31   1        P3M1 &= 0x7f;
  32   1        P3M0 |= 0x80;
  33   1        Timer0Init();
  34   1        Timer1Init();
  35   1        Timer2Init();
  36   1       while(1)
  37   1       {}
  38   1      }
  39          void BitMap_Init()  //推挽输出
  40          {
  41   1        P2M1 &= 0x00;
  42   1        P2M0 |= 0xff;
  43   1        
  44   1        P3M1 &= 0xfb;
  45   1        P3M0 |= 0x04;
  46   1        
  47   1        P4M1 &= 0xfd;
  48   1        P4M0 |= 0x02;
  49   1        
  50   1        P3M1 &= 0xf7;
  51   1        P3M0 |= 0x08;
  52   1        
  53   1        P3M1 &= 0xbf;
  54   1        P3M0 |= 0x40;
C51 COMPILER V9.52.0.0   TIMER5                                                            09/16/2021 08:37:30 PAGE 2   

  55   1        
  56   1        P4M1 &= 0xef;
  57   1        P4M0 |= 0x10;
  58   1        
  59   1        P3M1 &= 0xef;
  60   1        P3M0 |= 0x10;
  61   1        
  62   1        P4M1 &= 0xfb;
  63   1        P4M0 |= 0x04;
  64   1        
  65   1        P3M1 &= 0xdf;
  66   1        P3M0 |= 0x20;
  67   1        
  68   1        P2 = 0x00;
  69   1        BitMap1 = 0;BitMap2 = 0;BitMap3 = 0;BitMap4 = 0;BitMap5 = 0;BitMap6 = 0;BitMap7 = 0;BitMap8 = 0;
  70   1      }
  71          
  72          void Timer0Isr() interrupt 1
  73          {
  74   1      static unsigned int BleepTimer = 0;
  75   1         BleepTimer++;
  76   1        if (BleepTimer >= 4000)
  77   1        {
  78   2          BleepTimer = 0;
  79   2        }
  80   1        if(BleepTimer >= 0)
  81   1         {
  82   2          P37 = !P37;
  83   2         }
  84   1        if(BleepTimer >= 800)
  85   1         {
  86   2          P37 = 0;
  87   2         }
  88   1      }
  89          void Timer1Isr() interrupt 3  //中断服务 P2控制
  90            {
  91   1        static unsigned int T1Count = 0;
  92   1        static unsigned char Count = 0;
  93   1        T1Count ++;
  94   1        if (T1Count >= 4)
  95   1        {
  96   2          T1Count = 0;
  97   2          Count ++;
  98   2        }
  99   1        if(Count == 0)
 100   1        {
 101   2          P2 = ~FontTab0[0];
 102   2          BitMap1 = 1;BitMap2 = 0;BitMap3 = 0;BitMap4 = 0;BitMap5 = 0;BitMap6 = 0;BitMap7 = 0;BitMap8 = 0;
 103   2        }
 104   1        if(Count == 1)
 105   1        {
 106   2          P2 = ~FontTab0[0];
 107   2          BitMap1 = 0;BitMap2 = 1;BitMap3 = 0;BitMap4 = 0;BitMap5 = 0;BitMap6 = 0;BitMap7 = 0;BitMap8 = 0;
 108   2        }
 109   1        if(Count == 2)
 110   1        {
 111   2          P2 = ~FontTab0[0];
 112   2          BitMap1 = 0;BitMap2 = 0;BitMap3 = 1;BitMap4 = 0;BitMap5 = 0;BitMap6 = 0;BitMap7 = 0;BitMap8 = 0;
 113   2        }
 114   1        if(Count == 3)
 115   1        {
 116   2          P2 = ~FontTab0[0];
C51 COMPILER V9.52.0.0   TIMER5                                                            09/16/2021 08:37:30 PAGE 3   

 117   2          BitMap1 = 0;BitMap2 = 0;BitMap3 = 0;BitMap4 = 1;BitMap5 = 0;BitMap6 = 0;BitMap7 = 0;BitMap8 = 0;
 118   2        }
 119   1        if(Count == 4)
 120   1        {
 121   2          P2 = ~FontTab0[0];
 122   2          BitMap1 = 0;BitMap2 = 0;BitMap3 = 0;BitMap4 = 0;BitMap5 = 1;BitMap6 = 0;BitMap7 = 0;BitMap8 = 0;
 123   2        }
 124   1        if(Count == 5)
 125   1        {
 126   2          P2 = ~FontTab0[0];
 127   2          BitMap1 = 0;BitMap2 = 0;BitMap3 = 0;BitMap4 = 0;BitMap5 = 0;BitMap6 = 1;BitMap7 = 0;BitMap8 = 0;
 128   2        }
 129   1        if(Count == 6)
 130   1        {
 131   2          P2 = ~FontTab0[0];
 132   2          BitMap1 = 0;BitMap2 = 0;BitMap3 = 0;BitMap4 = 0;BitMap5 = 0;BitMap6 = 0;BitMap7 = 1;BitMap8 = 0;
 133   2        }
 134   1        if(Count == 7)
 135   1        {
 136   2          P2 = ~FontTab0[0];
 137   2          BitMap1 = 0;BitMap2 = 0;BitMap3 = 0;BitMap4 = 0;BitMap5 = 0;BitMap6 = 0;BitMap7 = 0;BitMap8 = 1;
 138   2        }
 139   1        if(Count == 8)
 140   1        {
 141   2          P2 = ~FontTab0[1];
 142   2          BitMap1 = 0;BitMap2 = 0;BitMap3 = 0;BitMap4 = 0;BitMap5 = 0;BitMap6 = 0;BitMap7 = 0;BitMap8 = 1;
 143   2        }
 144   1        if(Count == 9)
 145   1        {
 146   2          P2 = ~FontTab0[2];
 147   2          BitMap1 = 0;BitMap2 = 0;BitMap3 = 0;BitMap4 = 0;BitMap5 = 0;BitMap6 = 0;BitMap7 = 0;BitMap8 = 1;
 148   2        }
 149   1        if(Count == 10)
 150   1        {
 151   2          P2 = ~FontTab0[3];
 152   2          BitMap1 = 0;BitMap2 = 0;BitMap3 = 0;BitMap4 = 0;BitMap5 = 0;BitMap6 = 0;BitMap7 = 0;BitMap8 = 1;
 153   2        }
 154   1        if(Count == 11)
 155   1        {
 156   2          P2 = ~FontTab0[4];
 157   2          BitMap1 = 0;BitMap2 = 0;BitMap3 = 0;BitMap4 = 0;BitMap5 = 0;BitMap6 = 0;BitMap7 = 0;BitMap8 = 1;
 158   2        }
 159   1        if(Count == 12)
 160   1        {
 161   2          P2 = ~FontTab0[5];
 162   2          BitMap1 = 0;BitMap2 = 0;BitMap3 = 0;BitMap4 = 0;BitMap5 = 0;BitMap6 = 0;BitMap7 = 0;BitMap8 = 1;
 163   2        }
 164   1        if(Count == 13)
 165   1        {
 166   2          P2 = ~FontTab0[6];
 167   2          BitMap1 = 0;BitMap2 = 0;BitMap3 = 0;BitMap4 = 0;BitMap5 = 0;BitMap6 = 0;BitMap7 = 0;BitMap8 = 1;
 168   2        }
 169   1        if(Count == 14)
 170   1        {
 171   2          P2 = ~FontTab0[7];
 172   2          BitMap1 = 0;BitMap2 = 0;BitMap3 = 0;BitMap4 = 0;BitMap5 = 0;BitMap6 = 0;BitMap7 = 0;BitMap8 = 1;
 173   2        }
 174   1        if(Count == 15)
 175   1        {
 176   2          P2 = ~FontTab0[7];
 177   2          BitMap1 = 0;BitMap2 = 0;BitMap3 = 0;BitMap4 = 0;BitMap5 = 0;BitMap6 = 0;BitMap7 = 1;BitMap8 = 0;
 178   2        }
C51 COMPILER V9.52.0.0   TIMER5                                                            09/16/2021 08:37:30 PAGE 4   

 179   1        if(Count == 16)
 180   1        {
 181   2          P2 = ~FontTab0[7];
 182   2          BitMap1 = 0;BitMap2 = 0;BitMap3 = 0;BitMap4 = 0;BitMap5 = 0;BitMap6 = 1;BitMap7 = 0;BitMap8 = 0;
 183   2        }
 184   1        if(Count == 17)
 185   1        {
 186   2          P2 = ~FontTab0[7];
 187   2          BitMap1 = 0;BitMap2 = 0;BitMap3 = 0;BitMap4 = 0;BitMap5 = 1;BitMap6 = 0;BitMap7 = 0;BitMap8 = 0;
 188   2        }
 189   1        if(Count == 18)
 190   1        {
 191   2          P2 = ~FontTab0[7];
 192   2          BitMap1 = 0;BitMap2 = 0;BitMap3 = 0;BitMap4 = 1;BitMap5 = 0;BitMap6 = 0;BitMap7 = 0;BitMap8 = 0;
 193   2        }
 194   1        if(Count == 19)
 195   1        {
 196   2          P2 = ~FontTab0[7];
 197   2          BitMap1 = 0;BitMap2 = 0;BitMap3 = 1;BitMap4 = 0;BitMap5 = 0;BitMap6 = 0;BitMap7 = 0;BitMap8 = 0;
 198   2        }
 199   1        if(Count == 20)
 200   1        {
 201   2          P2 = ~FontTab0[7];
 202   2          BitMap1 = 0;BitMap2 = 1;BitMap3 = 0;BitMap4 = 0;BitMap5 = 0;BitMap6 = 0;BitMap7 = 0;BitMap8 = 0;
 203   2        }
 204   1        if(Count == 21)
 205   1        {
 206   2          P2 = ~FontTab0[7];
 207   2          BitMap1 = 1;BitMap2 = 0;BitMap3 = 0;BitMap4 = 0;BitMap5 = 0;BitMap6 = 0;BitMap7 = 0;BitMap8 = 0;
 208   2        }
 209   1        if(Count == 22)
 210   1        {
 211   2          P2 = ~FontTab0[6];
 212   2          BitMap1 = 1;BitMap2 = 0;BitMap3 = 0;BitMap4 = 0;BitMap5 = 0;BitMap6 = 0;BitMap7 = 0;BitMap8 = 0;
 213   2        }
 214   1        if(Count == 23)
 215   1        {
 216   2          P2 = ~FontTab0[5];
 217   2          BitMap1 = 1;BitMap2 = 0;BitMap3 = 0;BitMap4 = 0;BitMap5 = 0;BitMap6 = 0;BitMap7 = 0;BitMap8 = 0;
 218   2        }
 219   1        if(Count == 24)
 220   1        {
 221   2          P2 = ~FontTab0[4];
 222   2          BitMap1 = 1;BitMap2 = 0;BitMap3 = 0;BitMap4 = 0;BitMap5 = 0;BitMap6 = 0;BitMap7 = 0;BitMap8 = 0;
 223   2        }
 224   1        if(Count == 25)
 225   1        {
 226   2          P2 = ~FontTab0[3];
 227   2          BitMap1 = 1;BitMap2 = 0;BitMap3 = 0;BitMap4 = 0;BitMap5 = 0;BitMap6 = 0;BitMap7 = 0;BitMap8 = 0;
 228   2        }
 229   1        if(Count == 26)
 230   1        {
 231   2          P2 = ~FontTab0[2];
 232   2          BitMap1 = 1;BitMap2 = 0;BitMap3 = 0;BitMap4 = 0;BitMap5 = 0;BitMap6 = 0;BitMap7 = 0;BitMap8 = 0;
 233   2        }
 234   1        if(Count == 27)
 235   1        {
 236   2          P2 = ~FontTab0[1];
 237   2          BitMap1 = 1;BitMap2 = 0;BitMap3 = 0;BitMap4 = 0;BitMap5 = 0;BitMap6 = 0;BitMap7 = 0;BitMap8 = 0;
 238   2        }
 239   1        if(Count == 28)
 240   1        {
C51 COMPILER V9.52.0.0   TIMER5                                                            09/16/2021 08:37:30 PAGE 5   

 241   2        Count = 0;
 242   2        }
 243   1      }
 244          void Timer2Isr() interrupt 12 //中断服务 P45控制
 245          {
 246   1        static unsigned int T2Count = 0;
 247   1        T2Count ++;
 248   1        if(T2Count >= 10)
 249   1        {
 250   2          T2Count = 0;
 251   2          P45 = !P45;
 252   2        }
 253   1      }
 254          void Timer0Init(void)   //250us@12.000MHz
 255          {
 256   1        AUXR |= 0x80;   
 257   1        TMOD &= 0xF0; 
 258   1        TL0 = 0x48; 
 259   1        TH0 = 0xF4; 
 260   1        TF0 = 0;  
 261   1        TR0 = 1;  
 262   1        ET0 = 1;
 263   1        EA = 1;
 264   1      }
 265          void Timer1Init(void)   //20ms@12.000MHz
 266          {
 267   1        AUXR &= 0xBF;   
 268   1        TMOD &= 0x0F;   
 269   1        TL1 = 0xE0;   
 270   1        TH1 = 0xB1;
 271   1        TF1 = 0;  
 272   1        TR1 = 1;  
 273   1        ET1 = 1;
 274   1        EA = 1;
 275   1      }
 276          void Timer2Init(void)   //50ms@12.000MHz
 277          {
 278   1        AUXR &= 0xFB;   
 279   1        T2L = 0xB0; 
 280   1        T2H = 0x3C; 
 281   1        AUXR |= 0x10;
 282   1      
 283   1        IE2 |= 0x04;
 284   1        EA = 1;
 285   1      }


MODULE INFORMATION:   STATIC OVERLAYABLE
   CODE SIZE        =   1131    ----
   CONSTANT SIZE    =     16    ----
   XDATA SIZE       =   ----    ----
   PDATA SIZE       =   ----    ----
   DATA SIZE        =      7    ----
   IDATA SIZE       =   ----    ----
   BIT SIZE         =   ----    ----
END OF MODULE INFORMATION.


C51 COMPILATION COMPLETE.  0 WARNING(S),  0 ERROR(S)
