C51 COMPILER V9.52.0.0   BUTTON                                                            09/23/2021 15:58:55 PAGE 1   


C51 COMPILER V9.52.0.0, COMPILATION OF MODULE BUTTON
OBJECT MODULE PLACED IN button.obj
COMPILER INVOKED BY: C:\Keil_C51\C51\BIN\C51.EXE user\button.c BROWSE DEBUG OBJECTEXTEND PRINT(.\button.lst) TABS(2) OBJ
                    -ECT(button.obj)

line level    source

   1          #include "button.h"
   2          
   3          //unsigned char code tab[]={0xfe,0xfd,0xfb,0xf7,0xef,0xdf,0xbf,0x7f,0xff};
   4          unsigned char code num0[] = {0x0e,0x11,0x13,0x15,0x19};
   5          unsigned char code num1[] = {0x04,0x0c,0x1f};
   6          unsigned char code num2[] = {0x0e,0x11,0x01,0x06,0x08,0x10,0x1f};
   7          unsigned char code num3[] = {0x0e,0x11,0x01,0x06};
   8          unsigned char code num4[] = {0x03,0x05,0x09,0x11,0x1f,0x01};
   9          unsigned char code num5[] = {0x1f,0x10,0x1e,0x01,0x11,0x0e};
  10          unsigned char code num6[] = {0x0e,0x11,0x10,0x1e};
  11          unsigned char code num7[] = {0x1f,0x11,0x01,0x02,0x04};
  12          unsigned char code num8[] = {0x0e,0x11};
  13          unsigned char code num9[] = {0x0e,0x11,0x0f,0x01,0x02,0x0c};
  14          unsigned char M1=0;
  15          unsigned char M2=0;
  16          
  17          
  18          void button_CHECK(void)
  19          {
  20   1        unsigned char i, j;
  21   1        for(i=0;i<100;i++)
  22   1        { 
  23   2          for(j=0;j<200;j++);
  24   2        }
  25   1      }
  26          
  27          void button_control(void)
  28          {
  29   1        button1();
  30   1        
  31   1      }
  32          
  33          void button1(void)
  34          {
  35   1        if(BUTTON1==0)
  36   1        {
  37   2          button_CHECK();
  38   2           if(BUTTON1==0)
  39   2            { 
  40   3              M1++;
  41   3              if(M1>8)
  42   3               {
  43   4                M1=0;
  44   4               }
  45   3              while(BUTTON1==0);
  46   3            }
  47   2         }
  48   1      }


MODULE INFORMATION:   STATIC OVERLAYABLE
   CODE SIZE        =     41    ----
   CONSTANT SIZE    =     48    ----
   XDATA SIZE       =   ----    ----
C51 COMPILER V9.52.0.0   BUTTON                                                            09/23/2021 15:58:55 PAGE 2   

   PDATA SIZE       =   ----    ----
   DATA SIZE        =      2    ----
   IDATA SIZE       =   ----    ----
   BIT SIZE         =   ----    ----
END OF MODULE INFORMATION.


C51 COMPILATION COMPLETE.  0 WARNING(S),  0 ERROR(S)
