C51 COMPILER V9.52.0.0   MAIN                                                              09/23/2021 15:58:55 PAGE 1   


C51 COMPILER V9.52.0.0, COMPILATION OF MODULE MAIN
OBJECT MODULE PLACED IN main.obj
COMPILER INVOKED BY: C:\Keil_C51\C51\BIN\C51.EXE user\main.c BROWSE DEBUG OBJECTEXTEND PRINT(.\main.lst) TABS(2) OBJECT(
                    -main.obj)

line level    source

   1          #include "timer.h"
   2          #include "Bleep.h"
   3          #include "BitMap.h"
   4          #include "SysLed.h"
   5          #include "LED.h"
   6          #include "button.h"
   7          
   8          void main(void)       //Ö÷º¯Êý
   9          { 
  10   1      
  11   1        BitMap_Init();
  12   1        Bleep_Init();
  13   1      
  14   1        Timer0Init();
  15   1        Timer1Init();
  16   1        while(1)
  17   1        {
  18   2          if(trigger_1ms)       //1ms trigger
  19   2          {
  20   3            trigger_1ms = 0;
  21   3            BitMap_Display();
  22   3            BitMap();
  23   3          }
  24   2          if(trigger_10ms)      //10ms trigger
  25   2          {
  26   3            trigger_10ms = 0;
  27   3            SysLED();
  28   3            //nor_LED();
  29   3            LED_Display();
  30   3            Bleep();
  31   3          }
  32   2        }
  33   1      }


MODULE INFORMATION:   STATIC OVERLAYABLE
   CODE SIZE        =     39    ----
   CONSTANT SIZE    =   ----    ----
   XDATA SIZE       =   ----    ----
   PDATA SIZE       =   ----    ----
   DATA SIZE        =   ----    ----
   IDATA SIZE       =   ----    ----
   BIT SIZE         =   ----    ----
END OF MODULE INFORMATION.


C51 COMPILATION COMPLETE.  0 WARNING(S),  0 ERROR(S)
