C51 COMPILER V9.52.0.0   LIGHT                                                             09/09/2021 09:54:24 PAGE 1   


C51 COMPILER V9.52.0.0, COMPILATION OF MODULE LIGHT
OBJECT MODULE PLACED IN ..\obj\light.obj
COMPILER INVOKED BY: C:\Keil_C51\C51\BIN\C51.EXE ..\user\light.c BROWSE INCDIR(..\user) DEBUG OBJECTEXTEND PRINT(..\list
                    -\light.lst) TABS(2) OBJECT(..\obj\light.obj)

line level    source

   1          //#include "data.H"
   2          
   3          //void wdnmd(void);
   4          
   5          //void Delay100ms()   //add function-clock 0.1s//@11.0592MHz
   6          //{
   7          //  unsigned char i, j, k;
   8          //  i = 5;
   9          //  j = 52;
  10          //  k = 195;
  11          //  do
  12          //  {
  13          //    do
  14          //    {
  15          //      while (--k);
  16          //    } while (--j);
  17          //  } while (--i);
  18          //}
  19          
  20          
  21          //void Delay500ms()   //add function-clock 0.5s//@11.0592MHz
  22          //{
  23          //  unsigned char i, j, k;
  24          //  i = 22;
  25          //  j = 3;
  26          //  k = 227;
  27          //  do
  28          //  {
  29          //    do
  30          //    {
  31          //      while (--k);
  32          //    } while (--j);
  33          //  } while (--i);
  34          //}
  35          
  36          
  37          //void wd(void)
  38          //{
  39          //  P45 = 0;
  40          //    Delay100ms();
  41          //    P45 = 1;
  42          //    Delay100ms();
  43          //    wdnmd();
  44          //  while(1)
  45          //  {
  46          //  }
  47          //}
  48          
  49          //void wdnmd(void)
  50          //{
  51          //  P0 = 0xff;
  52          //  Delay100ms();
  53          //  P0 = 0x55;
  54          //  Delay500ms();
C51 COMPILER V9.52.0.0   LIGHT                                                             09/09/2021 09:54:24 PAGE 2   

  55          //}


MODULE INFORMATION:   STATIC OVERLAYABLE
   CODE SIZE        =   ----    ----
   CONSTANT SIZE    =   ----    ----
   XDATA SIZE       =   ----    ----
   PDATA SIZE       =   ----    ----
   DATA SIZE        =   ----    ----
   IDATA SIZE       =   ----    ----
   BIT SIZE         =   ----    ----
END OF MODULE INFORMATION.


C51 COMPILATION COMPLETE.  0 WARNING(S),  0 ERROR(S)
