C51 COMPILER V9.52.0.0   LIGHT2                                                            09/09/2021 09:54:24 PAGE 1   


C51 COMPILER V9.52.0.0, COMPILATION OF MODULE LIGHT2
OBJECT MODULE PLACED IN ..\obj\light2.obj
COMPILER INVOKED BY: C:\Keil_C51\C51\BIN\C51.EXE ..\user\light2.c BROWSE INCDIR(..\user) DEBUG OBJECTEXTEND PRINT(..\lis
                    -t\light2.lst) TABS(2) OBJECT(..\obj\light2.obj)

line level    source

   1          #include "data.H"
   2          
   3          void Delay100ms();    //clock 0.1s 0.1秒时钟
   4          //void Delayx100ms(2);    //clock 0.2s 0.2秒时钟
   5          //void Delayx100ms(5);    //clock 0.5s 0.5秒时钟
   6          void Delayx100ms(unsigned char x100ms);
   7          void light1();        //all lights 0.5s 全部闪三次
   8          void light2();        //P00 to P07 0.2s 从低到高
   9          void light3();        //P07 to P00 0.2s 从高到低
  10          void light4();        //P00 P07 to 0.1s 低到高依次点亮,高到低熄灭
  11          void light5();        //中间扩散
  12          unsigned char code light1_Tab[] = {0xff,0x00,0xff,0x00,0xff,0x00,0xff};
  13          unsigned char code light2_Tab[] = {0xfe,0xfc,0xf8,0xf0,0xe0,0xc0,0x80,0x00,0xff};
  14          unsigned char code light3_Tab[] = {0x7f,0x3f,0x1f,0x0f,0x07,0x03,0x01,0x00,0xff};
  15          unsigned char code light4_Tab[] = {0xfe,0xfd,0xfb,0xf7,0xef,0xdf,0xbf,0x7f,0xbf,0xdf,0xef,0xf7,0xfb,0xfd,0
             -xfe,0xff};
  16          unsigned char code light5_Tab[] = {0x7e,0x3c,0x18,0x00,0x18,0x3c,0x7e,0xff};
  17          unsigned char code light_P45[] = {0,1};
  18          unsigned char Sec_Val=2;
  19          void LightP45();
  20          void T0_ISR();
  21          void T0_In();
  22          
  23          
  24          void main(void)
  25          {
  26   1        T0_In();
  27   1        TR0=1;
  28   1        while(1)
  29   1        {
  30   2          light2();
  31   2          light1();
  32   2          light3();
  33   2          light1();
  34   2          light4();
  35   2          light1();
  36   2          light5();
  37   2          light1();
  38   2          /*P45 = 0;         //系统提示灯提醒你循环一次了,可以不写
  39   2          Delayx100ms(6);
  40   2          P45 = 1;
  41   2          Delayx100ms(3);*/
  42   2        }
  43   1      }
  44          void T0_ISR(void) interrupt 1
  45          {
  46   1      static unsigned char Cnt_1s=0;
  47   1        Cnt_1s++;
  48   1        if(Cnt_1s>=10)
  49   1        {
  50   2          Cnt_1s=0;
  51   2          P45 = !P45;
  52   2        }
  53   1      }
C51 COMPILER V9.52.0.0   LIGHT2                                                            09/09/2021 09:54:24 PAGE 2   

  54          void T0_In(void)
  55          {
  56   1        EA=0;
  57   1        TMOD=0x00;
  58   1        TH0=(65535-50000)/256;
  59   1        TL0=(65535-50000)%256;
  60   1        TF0=0;
  61   1        ET0=1;
  62   1        TR0=1;
  63   1        EA=1;
  64   1      }
  65          
  66          void light1(void)   //add function-all lights flash 0.5s 全部闪三次
  67          {
  68   1        unsigned int i;
  69   1        i = 7;
  70   1        while(i>0)
  71   1        {
  72   2         P0 = light1_Tab[7-i];
  73   2         Delayx100ms(3);
  74   2         i--;
  75   2        }
  76   1      }
  77          void light2(void)   //add function-P00 to P07 0.2s 从低到高
  78          {
  79   1        unsigned int i;
  80   1        for(i=9;i>0;i--)
  81   1        {
  82   2          P0 = light2_Tab[9-i];
  83   2          Delayx100ms(2);
  84   2        }
  85   1      }
  86          void light3(void)   //P07 to P00 0.2s 从高到低
  87          {
  88   1       unsigned int i;
  89   1        for(i=0;i<8;i++)
  90   1        {
  91   2          P0 = light3_Tab[i];
  92   2          Delayx100ms(2);
  93   2        }
  94   1      }
  95          void light4(void)   //P00 P07 to 0.1s 低到高依次点亮,高到低熄灭
  96          {
  97   1         unsigned int i;
  98   1        for(i=16;i>0;i--)
  99   1        {
 100   2          P0 = light4_Tab[16-i];
 101   2          Delayx100ms(2);
 102   2        }
 103   1      }
 104          
 105          void light5(void)   //中间扩散
 106          {
 107   1        unsigned int i;
 108   1        for(i=0;i<8;i++)
 109   1        {
 110   2          P0 = light5_Tab[i];
 111   2          Delayx100ms(3);
 112   2        }
 113   1      }
 114          
 115          void Delay100ms()   //add function-clock 0.1s//@11.0592MHz
C51 COMPILER V9.52.0.0   LIGHT2                                                            09/09/2021 09:54:24 PAGE 3   

 116          {
 117   1        unsigned char i, j, k;
 118   1        i = 5;
 119   1        j = 52;
 120   1        k = 195;
 121   1        do
 122   1        {
 123   2          do
 124   2          {
 125   3            while (--k);
 126   3          } while (--j);
 127   2        } while (--i);
 128   1      }
 129          
 130          void Delayx100ms(unsigned char x100ms)
 131          {
 132   1        while(x100ms)
 133   1        {
 134   2          Delay100ms();
 135   2          x100ms --;
 136   2        }
 137   1      }
 138          
 139          /*
 140            static unsigned char Cnt_1s=0;
 141            Cnt_1s++;
 142            if(Cnt_1s>=200)
 143            {
 144              Cnt_1s=0;
 145              if(Sec_Val>0)
 146              {
 147                Sec_Val--;
 148                P45 = 1;
 149              }
 150              else
 151              {
 152              Sec_Val=9;
 153              P45 = 0;
 154              }
 155            }*/


MODULE INFORMATION:   STATIC OVERLAYABLE
   CODE SIZE        =    335    ----
   CONSTANT SIZE    =     51    ----
   XDATA SIZE       =   ----    ----
   PDATA SIZE       =   ----    ----
   DATA SIZE        =      2      10
   IDATA SIZE       =   ----    ----
   BIT SIZE         =   ----    ----
END OF MODULE INFORMATION.


C51 COMPILATION COMPLETE.  0 WARNING(S),  0 ERROR(S)
