C51 COMPILER V9.52.0.0   MAIN                                                              09/24/2021 08:55:17 PAGE 1   


C51 COMPILER V9.52.0.0, COMPILATION OF MODULE MAIN
OBJECT MODULE PLACED IN ..\obj\main.obj
COMPILER INVOKED BY: C:\Keil_C51\C51\BIN\C51.EXE ..\user\main.c BROWSE INCDIR(..\user) DEBUG OBJECTEXTEND PRINT(..\list\
                    -main.lst) TABS(2) OBJECT(..\obj\main.obj)

line level    source

   1          #include "data.H"
   2          sbit BitMap1 = P3^2;  //P32
   3          sbit BitMap2 = P4^1;  //P41
   4          sbit BitMap3 = P3^3;  //P33
   5          sbit BitMap4 = P3^6;  //P36
   6          sbit BitMap5 = P4^4;  //P44
   7          sbit BitMap6 = P3^4;  //P34
   8          sbit BitMap7 = P4^2;  //P42
   9          sbit BitMap8 = P3^5;  //P35
  10          sbit S1 = P5^4;
  11          sbit S2 = P5^5;
  12          unsigned char code tab[]={0xfe,0xfd,0xfb,0xf7,0xef,0xdf,0xbf,0x7f,0xff};
  13          static unsigned char code Heart0[] = {0x00,0x36,0x49,0x41,0x22,0x14,0x08,0x00};//空心
  14          static unsigned char code Heart1[] = {0x00,0x36,0x7f,0x7f,0x3e,0x1c,0x08,0x00};//实心
  15          volatile unsigned int BitMapTab[8] = {0xff,0xff,0xff,0xff,0xff,0xff,0xff,0xff};
  16          bit M1 = 0;
  17          unsigned char KEY1_COUNT = 0;
  18          
  19          void buttonCheck();
  20          void button();
  21          void button1();
  22          void BitMap_Display();
  23          void BitMap_Init();
  24          void BitMap();
  25          
  26           void main(void)
  27            {
  28   1          BitMap_Init();
  29   1          P0 = 0xff;
  30   1          while(1)
  31   1          {
  32   2            button1();
  33   2            BitMap();
  34   2            BitMap_Display();
  35   2            
  36   2          }
  37   1      }
  38          
  39          void buttonCheck(void)
  40          {
  41   1        unsigned char i, j;
  42   1        for(i=0;i<100;i++)
  43   1        { 
  44   2          for(j=0;j<200;j++);
  45   2        }
  46   1      }
  47          void button1()
  48          {
  49   1        if(S1==0)
  50   1        {
  51   2          buttonCheck();
  52   2           if(S1==0)
  53   2            { 
  54   3              M1 = !M1;
C51 COMPILER V9.52.0.0   MAIN                                                              09/24/2021 08:55:17 PAGE 2   

  55   3              while(S1==0);
  56   3            }
  57   2         }
  58   1      }
  59          void BitMap_Display()   
  60          {
  61   1        static unsigned char accept_count = 0;
  62   1        BitMap1 = 0;BitMap2 = 0;BitMap3 = 0;BitMap4 = 0;BitMap5 = 0;BitMap6 = 0;BitMap7 = 0;BitMap8 = 0;
  63   1        accept_count++;
  64   1        if(accept_count > 8)
  65   1        {
  66   2          accept_count = 1;
  67   2        }
  68   1        P2 = BitMapTab[accept_count - 1];
  69   1        switch(accept_count)
  70   1        {
  71   2          case 1:BitMap1 = 1;break;
  72   2          case 2:BitMap2 = 1;break;
  73   2          case 3:BitMap3 = 1;break;
  74   2          case 4:BitMap4 = 1;break;
  75   2          case 5:BitMap5 = 1;break;
  76   2          case 6:BitMap6 = 1;break;
  77   2          case 7:BitMap7 = 1;break;
  78   2          case 8:BitMap8 = 1;break;
  79   2          default:break;
  80   2        }
  81   1      }
  82          void BitMap()
  83          {
  84   1        unsigned char i ;
  85   1        if(M1)                    //触发器检测
  86   1        {
  87   2          for(i=0;i<8;i++)                  //空心
  88   2          {
  89   3          BitMapTab[i] = ~Heart0[i] ;
  90   3          }
  91   2        }
  92   1        else
  93   1        {
  94   2          for(i=0;i<8;i++)                  //实心
  95   2          {
  96   3          BitMapTab[i] = ~Heart1[i] ;
  97   3          }
  98   2        }
  99   1      }
 100          void BitMap_Init()  //推挽输出
 101          {
 102   1        P2M1 &= 0x00;
 103   1        P2M0 |= 0xff;
 104   1        
 105   1        P3M1 &= 0xfb;
 106   1        P3M0 |= 0x04;
 107   1        
 108   1        P4M1 &= 0xfd;
 109   1        P4M0 |= 0x02;
 110   1        
 111   1        P3M1 &= 0xf7;
 112   1        P3M0 |= 0x08;
 113   1        
 114   1        P3M1 &= 0xbf;
 115   1        P3M0 |= 0x40;
 116   1        
C51 COMPILER V9.52.0.0   MAIN                                                              09/24/2021 08:55:17 PAGE 3   

 117   1        P4M1 &= 0xef;
 118   1        P4M0 |= 0x10;
 119   1        
 120   1        P3M1 &= 0xef;
 121   1        P3M0 |= 0x10;
 122   1        
 123   1        P4M1 &= 0xfb;
 124   1        P4M0 |= 0x04;
 125   1        
 126   1        P3M1 &= 0xdf;
 127   1        P3M0 |= 0x20;
 128   1        
 129   1        P2 = 0x00;
 130   1        BitMap1 = 0;BitMap2 = 0;BitMap3 = 0;BitMap4 = 0;BitMap5 = 0;BitMap6 = 0;BitMap7 = 0;BitMap8 = 0;
 131   1      }


MODULE INFORMATION:   STATIC OVERLAYABLE
   CODE SIZE        =    287    ----
   CONSTANT SIZE    =     25    ----
   XDATA SIZE       =   ----    ----
   PDATA SIZE       =   ----    ----
   DATA SIZE        =     18    ----
   IDATA SIZE       =   ----    ----
   BIT SIZE         =      1    ----
END OF MODULE INFORMATION.


C51 COMPILATION COMPLETE.  0 WARNING(S),  0 ERROR(S)
