[2024-11-29 14:58:25] : Begin
[2024-11-29 14:59:44] : Begin
--------------------
*MCUTYPE* : IAP15F2K61S2
*FILENAME* : C:\Users\shadowstorm\Documents\Lesson.STC-Training\04.command_cool and GOOD\data\obj\COOL.hex
*FILETIME* : 2024年11月29日, 14:12:15
*FILESIZE* : 1189 (0x0004A5)
*CODESIZE* : 367 (0x00016F)
*CHECKSUM* : 0x000091FC
*ISPMODE* : 1
*ISPRESULT* : 3
--------------------
[2024-11-29 14:59:47] : End
--------------------------------------------------
[2024-11-29 15:00:25] : Begin
--------------------
*MCUTYPE* : IAP15F2K61S2
*FILENAME* : C:\Users\shadowstorm\Documents\Lesson.STC-Training\04.command_cool and GOOD\data\obj\COOL.hex
*FILETIME* : 2024年11月29日, 14:12:15
*FILESIZE* : 1189 (0x0004A5)
*CODESIZE* : 367 (0x00016F)
*CHECKSUM* : 0x000091FC
*ISPMODE* : 3
*ISPRESULT* : 3
--------------------
[2024-11-29 15:00:26] : End
--------------------------------------------------
[2024-11-29 15:04:56] : Begin
--------------------
*MCUTYPE* : IAP15F2K61S2
*FILENAME* : C:\Users\shadowstorm\Documents\Lesson.STC-Training\04.command_cool and GOOD\data\obj\COOL.hex
*FILETIME* : 2024年11月29日, 14:12:15
*FILESIZE* : 1189 (0x0004A5)
*CODESIZE* : 367 (0x00016F)
*CHECKSUM* : 0x000091FC
*ISPMODE* : 2
*ISPRESULT* : 3
--------------------
[2024-11-29 15:05:18] : End
--------------------------------------------------
[2024-11-29 15:07:41] : Begin
--------------------
*MCUTYPE* : IAP15F2K61S2
*FILENAME* : C:\Users\shadowstorm\Documents\Lesson.STC-Training\04.command_cool and GOOD\data\obj\COOL.hex
*FILETIME* : 2024年11月29日, 14:12:15
*FILESIZE* : 1189 (0x0004A5)
*CODESIZE* : 367 (0x00016F)
*CHECKSUM* : 0x000091FC
*ISPMODE* : 2
*ISPRESULT* : 3
--------------------
[2024-11-29 15:08:21] : End
--------------------------------------------------
[2024-11-29 15:08:58] : Begin
--------------------
*MCUTYPE* : IAP15F2K61S2
*FILENAME* : C:\Users\shadowstorm\Documents\Lesson.STC-Training\04.command_cool and GOOD\data\obj\COOL.hex
*FILETIME* : 2024年11月29日, 14:12:15
*FILESIZE* : 1189 (0x0004A5)
*CODESIZE* : 367 (0x00016F)
*CHECKSUM* : 0x000091FC
*ISPMODE* : 2
*ISPRESULT* : 3
--------------------
[2024-11-29 15:09:17] : End
--------------------------------------------------
[2024-11-29 15:13:09] : Begin
--------------------
*MCUTYPE* : STC12C5A60S2
*FILENAME* : C:\Users\shadowstorm\Documents\Lesson.STC-Training\04.command_cool and GOOD\data\obj\COOL.hex
*FILETIME* : 2024年11月29日, 14:12:15
*FILESIZE* : 1189 (0x0004A5)
*CODESIZE* : 367 (0x00016F)
*CHECKSUM* : 0x000091FC
*ISPMODE* : 2
*ISPRESULT* : 3
--------------------
[2024-11-29 15:13:47] : End
--------------------------------------------------
[2024-11-29 15:15:26] : Begin
--------------------
*MCUTYPE* : IAP15F2K61S2
*FILENAME* : C:\Users\shadowstorm\Documents\Lesson.STC-Training\04.command_cool and GOOD\data\obj\COOL.hex
*FILETIME* : 2024年11月29日, 14:12:15
*FILESIZE* : 1189 (0x0004A5)
*CODESIZE* : 367 (0x00016F)
*CHECKSUM* : 0x000091FC
*ISPMODE* : 2
*ISPRESULT* : 3
--------------------
[2024-11-29 15:15:31] : End
--------------------------------------------------
[2024-11-29 15:15:33] : Begin
--------------------
*MCUTYPE* : IAP15F2K61S2
*FILENAME* : C:\Users\shadowstorm\Documents\Lesson.STC-Training\04.command_cool and GOOD\data\obj\COOL.hex
*FILETIME* : 2024年11月29日, 14:12:15
*FILESIZE* : 1189 (0x0004A5)
*CODESIZE* : 367 (0x00016F)
*CHECKSUM* : 0x000091FC
*ISPMODE* : 2
*ISPRESULT* : 3
--------------------
[2024-11-29 15:15:51] : End
--------------------------------------------------
[2024-11-29 15:15:54] : Begin
--------------------
*MCUTYPE* : IAP15F2K61S2
*FILENAME* : C:\Users\shadowstorm\Documents\Lesson.STC-Training\04.command_cool and GOOD\data\obj\COOL.hex
*FILETIME* : 2024年11月29日, 14:12:15
*FILESIZE* : 1189 (0x0004A5)
*CODESIZE* : 367 (0x00016F)
*CHECKSUM* : 0x000091FC
*ISPMODE* : 2
*ISPRESULT* : 3
--------------------
[2024-11-29 15:16:28] : End
--------------------------------------------------
[2024-11-29 15:17:14] : Begin
--------------------
*MCUTYPE* : IAP15F2K61S2
*FILENAME* : C:\Users\shadowstorm\Documents\Lesson.STC-Training\04.command_cool and GOOD\data\obj\COOL.hex
*FILETIME* : 2024年11月29日, 14:12:15
*FILESIZE* : 1189 (0x0004A5)
*CODESIZE* : 367 (0x00016F)
*CHECKSUM* : 0x000091FC
*ISPMODE* : 2
*ISPRESULT* : 3
--------------------
[2024-11-29 15:17:24] : End
--------------------------------------------------
[2024-11-29 15:20:13] : Begin
--------------------
*MCUTYPE* : IAP15F2K61S2
*FILENAME* : C:\Users\shadowstorm\Documents\Lesson.STC-Training\04.command_cool and GOOD\data\obj\COOL.hex
*FILETIME* : 2024年11月29日, 14:12:15
*FILESIZE* : 1189 (0x0004A5)
*CODESIZE* : 367 (0x00016F)
*CHECKSUM* : 0x000091FC
*ISPMODE* : 1
*ISPRESULT* : 3
--------------------
[2024-11-29 15:23:03] : End
--------------------------------------------------
[2024-11-29 15:23:05] : Begin
--------------------
*MCUTYPE* : IAP15F2K61S2
*FILENAME* : C:\Users\shadowstorm\Documents\Lesson.STC-Training\04.command_cool and GOOD\data\obj\COOL.hex
*FILETIME* : 2024年11月29日, 14:12:15
*FILESIZE* : 1189 (0x0004A5)
*CODESIZE* : 367 (0x00016F)
*CHECKSUM* : 0x000091FC
*ISPMODE* : 1
*ISPRESULT* : 3
--------------------
[2024-11-29 15:23:47] : End
--------------------------------------------------
[2024-11-29 15:25:14] : Begin
--------------------
*MCUTYPE* : IAP15F2K61S2
*FILENAME* : C:\Users\shadowstorm\Documents\Lesson.STC-Training\04.command_cool and GOOD\data\obj\COOL.hex
*FILETIME* : 2024年11月29日, 14:12:15
*FILESIZE* : 1189 (0x0004A5)
*CODESIZE* : 367 (0x00016F)
*CHECKSUM* : 0x000091FC
*ISPMODE* : 2
*ISPRESULT* : 3
--------------------
[2024-11-29 15:25:57] : End
--------------------------------------------------
[2024-11-29 15:28:39] : Begin
--------------------
*MCUTYPE* : IAP15F2K61S2
*FILENAME* : C:\Users\shadowstorm\Documents\Lesson.STC-Training\04.command_cool and GOOD\data\obj\COOL.hex
*FILETIME* : 2024年11月29日, 15:28:25
*FILESIZE* : 1189 (0x0004A5)
*CODESIZE* : 367 (0x00016F)
*CHECKSUM* : 0x000091FC
*ISPMODE* : 2
*ISPRESULT* : 3
--------------------
[2024-11-29 15:28:56] : End
--------------------------------------------------
