[2024-11-30 13:22:44] : Begin
--------------------
*MCUTYPE* : IAP15F2K61S2
*FILENAME* : C:\Users\shadowstorm\Documents\Lesson.STC-Training\04.command_cool and GOOD\data\obj\COOL.hex
*FILETIME* : 2024年11月29日, 15:54:41
*FILESIZE* : 1189 (0x0004A5)
*CODESIZE* : 367 (0x00016F)
*CHECKSUM* : 0x000091FC
*ISPMODE* : 2
*ISPRESULT* : 3
--------------------
[2024-11-30 13:23:34] : End
--------------------------------------------------
[2024-11-30 13:24:22] : Begin
--------------------
*MCUTYPE* : IAP15F2K61S2
*FILENAME* : C:\Users\shadowstorm\Documents\Lesson.STC-Training\04.command_cool and GOOD\data\obj\COOL.hex
*FILETIME* : 2024年11月29日, 15:54:41
*FILESIZE* : 1189 (0x0004A5)
*CODESIZE* : 367 (0x00016F)
*CHECKSUM* : 0x000091FC
*ISPMODE* : 2
*ISPRESULT* : 3
--------------------
[2024-11-30 13:24:50] : End
--------------------------------------------------
[2024-11-30 13:27:39] : Begin
--------------------
*MCUTYPE* : IAP15F2K61S2
*FILENAME* : C:\Users\shadowstorm\Documents\Lesson.STC-Training\04.command_cool and GOOD\data\obj\COOL.hex
*FILETIME* : 2024年11月29日, 15:54:41
*FILESIZE* : 1189 (0x0004A5)
*CODESIZE* : 367 (0x00016F)
*CHECKSUM* : 0x000091FC
*ISPMODE* : 2
*ISPRESULT* : 3
--------------------
[2024-11-30 13:28:03] : End
--------------------------------------------------
[2024-11-30 13:31:17] : Begin
[2024-11-30 13:32:12] : Begin
--------------------
*MCUTYPE* : IAP15F2K61S2
*FILENAME* : C:\Users\shadowstorm\Documents\Lesson.STC-Training\04.command_cool and GOOD\data\obj\COOL.hex
*FILETIME* : 2024年11月29日, 15:54:41
*FILESIZE* : 1189 (0x0004A5)
*CODESIZE* : 367 (0x00016F)
*CHECKSUM* : 0x000091FC
*ISPMODE* : 2
*ISPRESULT* : 3
--------------------
[2024-11-30 13:32:16] : End
--------------------------------------------------
[2024-11-30 13:33:22] : Begin
--------------------
*MCUTYPE* : STC12C5A60S2
*FILENAME* : C:\Users\shadowstorm\Documents\Lesson.STC-Training\04.command_cool and GOOD\data\obj\COOL.hex
*FILETIME* : 2024年11月29日, 15:54:41
*FILESIZE* : 1189 (0x0004A5)
*CODESIZE* : 367 (0x00016F)
*CHECKSUM* : 0x000091FC
*ISPMODE* : 2
*ISPRESULT* : 3
--------------------
[2024-11-30 13:33:47] : End
--------------------------------------------------
[2024-11-30 13:33:53] : Begin
[2024-11-30 13:49:30] : Begin
--------------------
*MCUTYPE* : IAP15F2K61S2
*FILENAME* : C:\Users\shadowstorm\Documents\Lesson.STC-Training\04.command_cool and GOOD\data\obj\COOL.hex
*FILETIME* : 2024年11月29日, 15:54:41
*FILESIZE* : 1189 (0x0004A5)
*CODESIZE* : 367 (0x00016F)
*CHECKSUM* : 0x000091FC
*ISPMODE* : 2
*ISPRESULT* : 3
--------------------
[2024-11-30 13:50:41] : End
--------------------------------------------------
[2024-11-30 13:59:32] : Begin
--------------------
*MCUTYPE* : IAP15F2K61S2
*FILENAME* : C:\Users\shadowstorm\Documents\Lesson.STC-Training\04.command_cool and GOOD\data\obj\COOL.hex
*FILETIME* : 2024年11月30日, 13:58:51
*FILESIZE* : 1189 (0x0004A5)
*CODESIZE* : 367 (0x00016F)
*CHECKSUM* : 0x000091FC
*ISPMODE* : 2
*ISPRESULT* : 3
--------------------
[2024-11-30 13:59:41] : End
--------------------------------------------------
[2024-11-30 14:02:45] : Begin
--------------------
*MCUTYPE* : IAP15F2K61S2
*FILENAME* : C:\Users\shadowstorm\Documents\Lesson.STC-Training\04.command_cool and GOOD\data\obj\COOL.hex
*FILETIME* : 2024年11月30日, 13:58:51
*FILESIZE* : 1189 (0x0004A5)
*CODESIZE* : 367 (0x00016F)
*CHECKSUM* : 0x000091FC
*ISPMODE* : 2
*ISPRESULT* : 3
--------------------
[2024-11-30 14:02:49] : End
--------------------------------------------------
[2024-11-30 14:02:55] : Begin
--------------------
*MCUTYPE* : IAP15F2K61S2
*MCUID* : F449007A026622
*FILENAME* : C:\Users\shadowstorm\Documents\Lesson.STC-Training\04.command_cool and GOOD\data\obj\COOL.hex
*FILETIME* : 2024年11月30日, 13:58:51
*FILESIZE* : 1189 (0x0004A5)
*CODESIZE* : 367 (0x00016F)
*CHECKSUM* : 0x000091FC
*ISPMODE* : 2
*ISPRESULT* : 0
--------------------
[2024-11-30 14:03:02] : End
--------------------------------------------------
[2024-11-30 14:04:28] : Begin
--------------------
*MCUTYPE* : IAP15F2K61S2
*FILENAME* : C:\Users\shadowstorm\Documents\Lesson.STC-Training\04.command_cool and GOOD\data\obj\COOL.hex
*FILETIME* : 2024年11月30日, 13:58:51
*FILESIZE* : 1189 (0x0004A5)
*CODESIZE* : 367 (0x00016F)
*CHECKSUM* : 0x000091FC
*ISPMODE* : 1
*ISPRESULT* : 3
--------------------
[2024-11-30 14:04:39] : End
--------------------------------------------------
[2024-11-30 14:04:43] : Begin
--------------------
*MCUTYPE* : IAP15F2K61S2
*FILENAME* : C:\Users\shadowstorm\Documents\Lesson.STC-Training\04.command_cool and GOOD\data\obj\COOL.hex
*FILETIME* : 2024年11月30日, 13:58:51
*FILESIZE* : 1189 (0x0004A5)
*CODESIZE* : 367 (0x00016F)
*CHECKSUM* : 0x000091FC
*ISPMODE* : 1
*ISPRESULT* : 5
--------------------
[2024-11-30 14:04:45] : End
--------------------------------------------------
[2024-11-30 14:05:34] : Begin
--------------------
*MCUTYPE* : IAP15F2K61S2
*MCUID* : F449007A026622
*FILENAME* : C:\Users\shadowstorm\Documents\Lesson.STC-Training\04.command_cool and GOOD\data\obj\COOL.hex
*FILETIME* : 2024年11月30日, 13:58:51
*FILESIZE* : 1189 (0x0004A5)
*CODESIZE* : 367 (0x00016F)
*CHECKSUM* : 0x000091FC
*ISPMODE* : 2
*ISPRESULT* : 0
--------------------
[2024-11-30 14:05:52] : End
--------------------------------------------------
[2024-11-30 14:14:18] : Begin
--------------------
*MCUTYPE* : IAP15F2K61S2
*MCUID* : F449007A026622
*FILENAME* : C:\Users\shadowstorm\Documents\【持续更新】蓝桥杯CT107D资料汇总\1.CT107D单片机综合训练平台\CT107D测试程序\1.LED\output\led.hex
*FILETIME* : 2016年03月03日, 20:00:51
*FILESIZE* : 238 (0x0000EE)
*CODESIZE* : 67 (0x000043)
*CHECKSUM* : 0x00002000
*ISPMODE* : 2
*ISPRESULT* : 0
--------------------
[2024-11-30 14:14:25] : End
--------------------------------------------------
[2024-11-30 14:15:25] : Begin
--------------------
*MCUTYPE* : IAP15F2K61S2
*MCUID* : F449007A026622
*FILENAME* : C:\Users\shadowstorm\Documents\【持续更新】蓝桥杯CT107D资料汇总\1.CT107D单片机综合训练平台\CT107D测试程序\3.Display\数码管\output\7SEG.hex
*FILETIME* : 2016年03月03日, 20:00:50
*FILESIZE* : 666 (0x00029A)
*CODESIZE* : 224 (0x0000E0)
*CHECKSUM* : 0x000067BA
*ISPMODE* : 2
*ISPRESULT* : 0
--------------------
[2024-11-30 14:15:35] : End
--------------------------------------------------
[2024-11-30 14:17:27] : Begin
--------------------
*MCUTYPE* : IAP15F2K61S2
*MCUID* : F449007A026622
*FILENAME* : C:\Users\shadowstorm\Documents\【持续更新】蓝桥杯CT107D资料汇总\1.CT107D单片机综合训练平台\CT107D测试程序\3.Display\1602\output\1602.hex
*FILETIME* : 2016年03月03日, 20:00:50
*FILESIZE* : 1362 (0x000552)
*CODESIZE* : 434 (0x0001B2)
*CHECKSUM* : 0x0000BC37
*ISPMODE* : 2
*ISPRESULT* : 0
--------------------
[2024-11-30 14:17:33] : End
--------------------------------------------------
[2024-11-30 14:17:51] : Begin
--------------------
*MCUTYPE* : IAP15F2K61S2
*MCUID* : F449007A026622
*FILENAME* : C:\Users\shadowstorm\Documents\【持续更新】蓝桥杯CT107D资料汇总\1.CT107D单片机综合训练平台\CT107D测试程序\3.Display\1602\output\1602.hex
*FILETIME* : 2016年03月03日, 20:00:50
*FILESIZE* : 1362 (0x000552)
*CODESIZE* : 434 (0x0001B2)
*CHECKSUM* : 0x0000BC37
*ISPMODE* : 2
*ISPRESULT* : 0
--------------------
[2024-11-30 14:17:57] : End
--------------------------------------------------
[2024-11-30 14:19:09] : Begin
--------------------
*MCUTYPE* : IAP15F2K61S2
*MCUID* : F449007A026622
*FILENAME* : C:\Users\shadowstorm\Documents\【持续更新】蓝桥杯CT107D资料汇总\1.CT107D单片机综合训练平台\CT107D测试程序\1.LED\output\led.hex
*FILETIME* : 2024年11月30日, 14:18:47
*FILESIZE* : 338 (0x000152)
*CODESIZE* : 104 (0x000068)
*CHECKSUM* : 0x00002FF2
*ISPMODE* : 2
*ISPRESULT* : 0
--------------------
[2024-11-30 14:19:15] : End
--------------------------------------------------
