C51 COMPILER V9.52.0.0   LED                                                               09/09/2021 15:28:27 PAGE 1   


C51 COMPILER V9.52.0.0, COMPILATION OF MODULE LED
OBJECT MODULE PLACED IN ..\obj\LED.obj
COMPILER INVOKED BY: C:\Keil_C51\C51\BIN\C51.EXE ..\user\LED.c BROWSE INCDIR(..\user) DEBUG OBJECTEXTEND PRINT(..\list\L
                    -ED.lst) TABS(2) OBJECT(..\obj\LED.obj)

line level    source

   1          #include "data.H"
   2          
   3          void lightLED();
   4          void Delay200ms();
   5          void Delay250us();
   6          void T0_ISR();
   7          void T0Init();
   8          void T1Init();
   9          void bleep();
  10          unsigned char code light_LED[] = {0xfb,0xf7,0xef,0xff};
  11          
  12          
  13          void main(void)
  14          {
  15   1        T0Init();
  16   1        TR0=1;
  17   1        
  18   1        P3M0 |= 0x80;
  19   1        P3M1 &= 0x7f;
  20   1        while(1)
  21   1        {
  22   2        
  23   2        P37 = !P37;
  24   2        Delay250us();
  25   2        }
  26   1      }
  27          
  28          void Delay200ms()   //@11.0592MHz
  29          {
  30   1        unsigned char i, j, k;
  31   1      
  32   1        i = 9;
  33   1        j = 104;
  34   1        k = 139;
  35   1        do
  36   1        {
  37   2          do
  38   2          {
  39   3            while (--k);
  40   3          } while (--j);
  41   2        } while (--i);
  42   1      }
  43          
  44          void Delay250us()   //@11.0592MHz
  45          {
  46   1        unsigned char i, j;
  47   1      
  48   1        i = 3;
  49   1        j = 173;
  50   1        do
  51   1        {
  52   2          while (--j);
  53   2        } while (--i);
  54   1      }
C51 COMPILER V9.52.0.0   LED                                                               09/09/2021 15:28:27 PAGE 2   

  55          
  56          
  57          void T0_ISR(void) interrupt 1
  58          {
  59   1      static unsigned char Cnt_1s=0;
  60   1        Cnt_1s++;
  61   1        if(Cnt_1s>=3)
  62   1        {
  63   2          Cnt_1s=0;
  64   2          P45 = !P45;
  65   2        }
  66   1      }
  67          
  68          void BLEEP(void)
  69          {
  70   1       unsigned char i=0;
  71   1        i++;
  72   1        if(i>=100)
  73   1        {
  74   2          P37 = !P37;
  75   2          Delay250us();
  76   2        }
  77   1      
  78   1      
  79   1      }
  80          
  81          
  82          void T0Init(void)
  83          {
  84   1        EA=0;
  85   1        TMOD=0x00;
  86   1        TH0=(65535-50000)/256;
  87   1        TL0=(65535-50000)%256;
  88   1        TF0=0;
  89   1        ET0=1;
  90   1        TR0=1;
  91   1        EA=1;
  92   1      }
  93          void lightLED(void)
  94          {
  95   1        unsigned char i;
  96   1        for(i=0;i<3;i++)
  97   1        {
  98   2         P1 = light_LED[i];
  99   2         Delay200ms();
 100   2        }
 101   1      }


MODULE INFORMATION:   STATIC OVERLAYABLE
   CODE SIZE        =    115    ----
   CONSTANT SIZE    =      4    ----
   XDATA SIZE       =   ----    ----
   PDATA SIZE       =   ----    ----
   DATA SIZE        =      1    ----
   IDATA SIZE       =   ----    ----
   BIT SIZE         =   ----    ----
END OF MODULE INFORMATION.


C51 COMPILATION COMPLETE.  0 WARNING(S),  0 ERROR(S)
