C51 COMPILER V9.52.0.0   LED2                                                              09/09/2021 20:11:18 PAGE 1   


C51 COMPILER V9.52.0.0, COMPILATION OF MODULE LED2
OBJECT MODULE PLACED IN ..\obj\LED2.obj
COMPILER INVOKED BY: C:\Keil_C51\C51\BIN\C51.EXE ..\user\LED2.c BROWSE INCDIR(..\user) DEBUG OBJECTEXTEND PRINT(..\list\
                    -LED2.lst) TABS(2) OBJECT(..\obj\LED2.obj)

line level    source

   1          #include "data.H"
   2          
   3          void T0_ISR();
   4          void T0Init();
   5          void BleepDelay1();
   6          void BleepDelay2();
   7          void Bleep1();
   8          void Bleep2();
   9          void lightLED();
  10          void light4();
  11          void Delay100ms();
  12          void Delayx100ms(unsigned char x100ms);
  13          unsigned char code light_LED[] = {0xfb,0xf7,0xef,0xff};
  14          unsigned char code light4_Tab[] = {0xfe,0xfd,0xfb,0xf7,0xef,0xdf,0xbf,0x7f,0xff};
  15          //
  16          //
  17          void main(void)
  18          {
  19   1        T0Init();
  20   1        TR0=1;
  21   1        
  22   1        P3M0 |= 0x80;
  23   1        P3M1 &= 0x7f;
  24   1        while(1)
  25   1        {
  26   2        P45 = 0;
  27   2        Bleep1();
  28   2        P45 = 1;
  29   2        Delayx100ms(3);
  30   2        P45 = 0;
  31   2        Bleep1();
  32   2        P45 = 1;
  33   2        Delayx100ms(3);
  34   2        P45 = 0;
  35   2        Bleep1();
  36   2        P45 = 1;
  37   2        Delayx100ms(6);
  38   2        Bleep2();
  39   2        
  40   2        }
  41   1      }
  42          //
  43          //
  44          
  45          void T0Init(void)   //50??@12.000MHz
  46          {
  47   1        AUXR &= 0x7F;
  48   1        TMOD &= 0xF0;
  49   1        TL0 = 0xB0;
  50   1        TH0 = 0x3C;
  51   1        TF0 = 0;
  52   1        TR0 = 1;
  53   1      }
  54          void T0_ISR(void) interrupt 1
C51 COMPILER V9.52.0.0   LED2                                                              09/09/2021 20:11:18 PAGE 2   

  55          {
  56   1      static unsigned char Cnt_1s=0;
  57   1        Cnt_1s++;
  58   1        if(Cnt_1s>=3)
  59   1        {
  60   2          Cnt_1s=0;
  61   2          P45 = !P45;
  62   2        }
  63   1      }
  64          void BleepDelay1()    //@11.0592MHz
  65          {
  66   1        unsigned char i, j;
  67   1        
  68   1        i = 20;
  69   1        j = 160;
  70   1        do
  71   1        {
  72   2          while (--j);
  73   2        } while (--i);
  74   1      }
  75          void BleepDelay2()    //@11.0592MHz
  76          {
  77   1        unsigned char i, j;
  78   1        
  79   1        i = 3;
  80   1        j = 170;
  81   1        do
  82   1        {
  83   2          while (--j);
  84   2        } while (--i);
  85   1      }
  86          
  87          void Bleep1(void)
  88          {
  89   1       unsigned int i;
  90   1       for(i=200;i>0;i--)
  91   1       {
  92   2        P37 = !P37;
  93   2        BleepDelay1();
  94   2       }
  95   1      }
  96          void Bleep2(void)
  97          {
  98   1       unsigned int i;
  99   1       for(i=10000;i>0;i--)
 100   1       {
 101   2        P37 = !P37;
 102   2        BleepDelay2();
 103   2       }
 104   1      }
 105          
 106          void lightLED(void)
 107          {
 108   1        unsigned char i;
 109   1        for(i=0;i<4;i++)
 110   1        {
 111   2         P45 = !P45;
 112   2         
 113   2         Delayx100ms(2);
 114   2        }
 115   1      }
 116          /*void light4(void)   //P00 P07 to 0.1s 低到高依次点亮,高到低熄灭
C51 COMPILER V9.52.0.0   LED2                                                              09/09/2021 20:11:18 PAGE 3   

 117          {
 118             unsigned int i;
 119            for(i=9;i>0;i--)
 120            {
 121              P0 = light4_Tab[9-i];
 122              Delayx100ms(1);
 123            }
 124          }*/
 125          void Delay100ms()   //add function-clock 0.1s//@11.0592MHz
 126          {
 127   1        unsigned char i, j, k;
 128   1        i = 5;
 129   1        j = 52;
 130   1        k = 195;
 131   1        do
 132   1        {
 133   2          do
 134   2          {
 135   3            while (--k);
 136   3          } while (--j);
 137   2        } while (--i);
 138   1      }
 139          
 140          void Delayx100ms(unsigned char x100ms)
 141          {
 142   1        while(x100ms)
 143   1        {
 144   2          Delay100ms();
 145   2          x100ms --;
 146   2        }
 147   1      }
 148          
 149          
 150          
 151          
 152          


MODULE INFORMATION:   STATIC OVERLAYABLE
   CODE SIZE        =    193    ----
   CONSTANT SIZE    =     13    ----
   XDATA SIZE       =   ----    ----
   PDATA SIZE       =   ----    ----
   DATA SIZE        =      1       1
   IDATA SIZE       =   ----    ----
   BIT SIZE         =   ----    ----
END OF MODULE INFORMATION.


C51 COMPILATION COMPLETE.  0 WARNING(S),  0 ERROR(S)
