C51 COMPILER V9.52.0.0   BUZZER                                                            09/23/2021 11:06:40 PAGE 1   


C51 COMPILER V9.52.0.0, COMPILATION OF MODULE BUZZER
OBJECT MODULE PLACED IN ..\OBJ\Buzzer.obj
COMPILER INVOKED BY: C:\Keil_V4\C51\BIN\C51.EXE ..\USER\Buzzer.c BROWSE INCDIR(..\USER) DEBUG OBJECTEXTEND PRINT(..\LIST
                    -\Buzzer.lst) TABS(2) OBJECT(..\OBJ\Buzzer.obj)

line level    source

   1          #include "Buzzer.H" 
   2          
   3          void  Beep_Init(void)
   4          {
   5   1        P3M1 &= 0x7f;
   6   1        P3M0 |= 0x80;
   7   1        CCON = 0;
   8   1        
   9   1        CL = 0;
  10   1        CH = 0;
  11   1        CMOD = 0x00;
  12   1        PCA_PWM2 = 0x00;
  13   1        CCAP2H = CCAP2L = 125;
  14   1        CCAPM2 = 0x42;
  15   1        
  16   1        CR  = 1;
  17   1      }
  18          
  19          void  Beep_ON()
  20          {
  21   1        CR = 1;
  22   1      }
  23          
  24          void  Beep_OFF()
  25          {
  26   1         CR = 0;
  27   1      }
  28          
  29          void  Buzzer_Handle(void)
  30          {
  31   1         static unsigned char Time200ms_Cnt = 0;
  32   1         static unsigned char Buzzer_Status = 0;
  33   1        
  34   1         Time200ms_Cnt ++;
  35   1         if(Time200ms_Cnt >= 20)
  36   1         {
  37   2            Time200ms_Cnt = 0;
  38   2            Buzzer_Status ++;
  39   2           
  40   2           if(Buzzer_Status >= 5)
  41   2           {
  42   3              Buzzer_Status = 0;
  43   3           }   
  44   2         }
  45   1         switch(Buzzer_Status)
  46   1         {
  47   2           case 0:Beep_ON();break;
  48   2           case 1:Beep_ON();break;
  49   2           case 2:Beep_OFF();break;
  50   2           case 3:Beep_OFF();break;
  51   2           case 4:Beep_OFF();break;  
  52   2         }
  53   1         
  54   1         
C51 COMPILER V9.52.0.0   BUZZER                                                            09/23/2021 11:06:40 PAGE 2   

  55   1      }


MODULE INFORMATION:   STATIC OVERLAYABLE
   CODE SIZE        =     85    ----
   CONSTANT SIZE    =   ----    ----
   XDATA SIZE       =   ----    ----
   PDATA SIZE       =   ----    ----
   DATA SIZE        =      2    ----
   IDATA SIZE       =   ----    ----
   BIT SIZE         =   ----    ----
END OF MODULE INFORMATION.


C51 COMPILATION COMPLETE.  0 WARNING(S),  0 ERROR(S)
