C51 COMPILER V9.52.0.0   LED                                                               09/17/2021 15:23:47 PAGE 1   


C51 COMPILER V9.52.0.0, COMPILATION OF MODULE LED
OBJECT MODULE PLACED IN ..\OBJ\LED.obj
COMPILER INVOKED BY: C:\Keil_V4\C51\BIN\C51.EXE ..\..\05.花样流水灯进阶1\USER\LED.C BROWSE INCDIR(..\USER) DEBUG OBJECTE
                    -XTEND PRINT(..\LIST\LED.lst) TABS(2) OBJECT(..\OBJ\LED.obj)

line level    source

   1          #include "STC15F.H"
   2          
   3          //void led();
   4          //void ddd();
   5          void lite();
   6          //void lite1();
   7          
   8          
   9          //void Delay100ms()   //@11.0592MHz
  10          //{
  11          //  unsigned char i, j, k;
  12          
  13          //  i = 5;
  14          //  j = 52;
  15          //  k = 195;
  16          //  do
  17          //  {
  18          //    do
  19          //    {
  20          //      while (--k);
  21          //    } while (--j);
  22          //  } while (--i);
  23          //}
  24          
  25          
  26          
  27          //void Delayx00ms(unsigned char x100ms)     //@11.0592MHz
  28          //{
  29          
  30          //    while(x100ms)
  31          //  {
  32          //     Delay100ms();
  33          //     x100ms --;
  34          
  35          //  }
  36          //}
  37            
  38          //unsigned char main_Tab[] = 
  39          //void main(void)     //从低到高依次全部点亮，间隔0.2秒
  40          //{
  41          //  
  42          //  while(1)
  43          //  {
  44          //    P00 = 0;
  45          //    Delay200ms();
  46          //    P01 = 0;
  47          //    Delay200ms();
  48          //    P02 = 0;
  49          //    Delay200ms();
  50          //    P03 = 0;
  51          //    Delay200ms();
  52          //    P04 = 0;
  53          //    Delay200ms();
  54          //    P05 = 0;
C51 COMPILER V9.52.0.0   LED                                                               09/17/2021 15:23:47 PAGE 2   

  55          //    Delay200ms();
  56          //    P06 = 0;
  57          //    Delay200ms();
  58          //    P07 = 0;
  59          //    Delay200ms();
  60          //    led();
  61          //    ddd();
  62          //    led();
  63          //    lite();
  64          //    lite1();
  65          //  }
  66          //}
  67          //  void led(void)    //全部灯闪烁3次，每次间隔0.5秒
  68          //  {
  69          //    P0=0xff;
  70          //    Delay500ms();
  71          //    P0=0x00;
  72          //    Delay500ms();
  73          //    P0=0xff;
  74          //    Delay500ms();
  75          //    P0=0x00;
  76          //    Delay500ms();
  77          //    P0=0xff;
  78          //    Delay500ms();
  79          //    P0=0x00;
  80          //    Delay500ms();
  81          //    P0=0xff;
  82          //    Delay500ms();
  83          //    
  84          //}
  85          //   void ddd(void)    //从高到低依次全部点亮，间隔0.2秒
  86          //{
  87          //    P07 = 0;
  88          //    Delay200ms();
  89          //    P06 = 0;
  90          //    Delay200ms();
  91          //    P05 = 0;
  92          //    Delay200ms();
  93          //    P04 = 0;
  94          //    Delay200ms();
  95          //    P03 = 0;
  96          //    Delay200ms();
  97          //    P02 = 0;
  98          //    Delay200ms();
  99          //    P01 = 0;
 100          //    Delay200ms();
 101          //    P00 = 0;
 102          //    Delay200ms();
 103          // }
 104          
 105          void lite()     //从高到低依次全部点亮，间隔0.2秒 //从低到高依次点亮(每次只点亮一个)，再从高到低依次点亮
 106           {
 107   1          P00 = 0;
 108   1          Delay10ms();
*** WARNING C206 IN LINE 108 OF ..\..\05.花样流水灯进阶1\USER\LED.C: 'Delay10ms': missing function-prototype
 109   1          P00 = 1;
 110   1          P01 = 0;
 111   1          Delay10ms();
 112   1          P01 = 1;
 113   1          P02 = 0;
 114   1          Delay10ms();
 115   1          P02 = 1;
C51 COMPILER V9.52.0.0   LED                                                               09/17/2021 15:23:47 PAGE 3   

 116   1          P03 = 0;
 117   1          Delay10ms();
 118   1          P03 = 1;
 119   1          P04 = 0;
 120   1          Delay10ms();
 121   1          P04 = 1;
 122   1          P05 = 0;
 123   1          Delay10ms();
 124   1          P05 = 1;
 125   1          P06 = 0;
 126   1          Delay10ms();
 127   1          P06 = 1;
 128   1          P07 = 0;
 129   1          Delay10ms();
 130   1          P07 = 1;
 131   1          P06 = 0;
 132   1          Delay10ms();
 133   1          P06 = 1;
 134   1          P05 = 0;
 135   1          Delay10ms();
 136   1          P05 = 1;
 137   1          P04 = 0;
 138   1          Delay10ms();
 139   1          P04 = 1;
 140   1          P03 = 0;
 141   1          Delay10ms();
 142   1          P03 = 1;
 143   1          P02 = 0;
 144   1          Delay10ms();
 145   1          P02 = 1;
 146   1          P01 = 0;
 147   1          Delay10ms();
 148   1          P01 = 1;
 149   1          P00 = 0;
 150   1          Delay10ms();
 151   1          P00 = 1;
 152   1          Delay10ms();
 153   1      }
 154          //void lite1(void)   //中间扩散
 155          //{
 156          //   P0 = 0x7e;
 157          //   Delay100ms();
 158          //   P0 = 0x3c;
 159          //   Delay100ms();
 160          //   P0 = 0x18;
 161          //   Delay100ms();
 162          //   P0 = 0;
 163          //   Delay100ms();
 164          //   P0 = 0x18;
 165          //   Delay100ms();
 166          //   P0 = 0x3c;
 167          //   Delay100ms();
 168          //   P0 = 0x7e;
 169          //   Delay100ms();
 170          //   P0 = 0xff;
 171          //   Delay100ms();
 172          //}


MODULE INFORMATION:   STATIC OVERLAYABLE
   CODE SIZE        =    108    ----
   CONSTANT SIZE    =   ----    ----
C51 COMPILER V9.52.0.0   LED                                                               09/17/2021 15:23:47 PAGE 4   

   XDATA SIZE       =   ----    ----
   PDATA SIZE       =   ----    ----
   DATA SIZE        =   ----    ----
   IDATA SIZE       =   ----    ----
   BIT SIZE         =   ----    ----
END OF MODULE INFORMATION.


C51 COMPILATION COMPLETE.  1 WARNING(S),  0 ERROR(S)
