C51 COMPILER V9.52.0.0   MAIN                                                              09/23/2021 11:06:40 PAGE 1   


C51 COMPILER V9.52.0.0, COMPILATION OF MODULE MAIN
OBJECT MODULE PLACED IN ..\OBJ\main.obj
COMPILER INVOKED BY: C:\Keil_V4\C51\BIN\C51.EXE ..\USER\main.c BROWSE INCDIR(..\USER) DEBUG OBJECTEXTEND PRINT(..\LIST\m
                    -ain.lst) TABS(2) OBJECT(..\OBJ\main.obj)

line level    source

   1          #include "Timer.H"    //包含头定时器头文件
   2          #include "SysLed.H"   //包含系统灯头文件
   3          #include "Buzzer.H" 
   4          #include "DotLed.H"
   5          #include "LD.H"
   6          
   7          /*
   8          
   9           ** 创建一个属于你的工程模板
  10           ** 对一个实用的单片机应用系统，一般情况下，需要用到
  11           ** 1 定时器 【必备，我们这块板子的单片机有3个定时器 T0 T1 T2）
  12           ** 2 串口 秘密用途：在系统调试过程中，可以用串口来监视变量，诊断  【作为入门，这里暂不用】
  13           ** 3 开启看门狗，可以增强系统鲁棒性robust
  14           ** 4 其他初始化，特别是IO口
  15           ** 4.1 IO口的初始化，可以单独创建一个源文件，对设计要求所用到的IO口一次性进行全部的配置 【我个人不喜欢】
  16           ** 4.2 IO口初始化放在各个功能模块的源文件中，单独初始化，好处是比较“内聚”
  17            
  18           ** 从今天起，即2021.09.16，我们启用多文件模式
  19           ** 编程的毕生追求： 高内聚 低耦合  ――模块化
  20           ** 多个不同的文件，功能独立，按需调用、组合
  21           ** 这样，后面的编程开发会越来越简单，只是简单的ctrl C + ctrl V而已 稍作修改
  22           
  23           ** 作为演示，设计要求：
  24           ** 1.系统灯闪烁 1Hz
  25           ** 2.蜂鸣器每隔1s，滴0.2s
  26           ** 3.点阵每隔1s切换一个图案
  27           ** 4.你自己发挥
  28           
  29           ** 工程建立分组，特别是BSP组，用来存放板子 单片机基本模块的初始化
  30          
  31          */
  32          
  33          
  34          
  35          
  36          //主函数
  37          void  main(void) 
  38          {
  39   1        Timer0Init();
  40   1        Timer1Init();
  41   1        DotLed_Init();
  42   1        Beep_Init();
  43   1        
  44   1        while(1)      //死循环
  45   1        {
  46   2          //每隔1ms要干的事，在这里
  47   2          if(Flag_1ms) //1ms时间到
  48   2          {
  49   3            Flag_1ms = 0;//复位1ms时间标志，等待下一个1ms时间到
  50   3            
  51   3            DotLed_Display();
  52   3          
  53   3          }
  54   2          
C51 COMPILER V9.52.0.0   MAIN                                                              09/23/2021 11:06:40 PAGE 2   

  55   2          //每隔10ms要干的事，在这里
  56   2          if(Flag_10ms) //10ms时间到
  57   2          {
  58   3            Flag_10ms = 0;//复位10ms时间标志，等待下一个10ms时间到
  59   3            
  60   3            SysLed_Display(); //调用系统灯显示函数
  61   3            DotLed_Renew(); 
  62   3            LD_LED();
  63   3            Buzzer_Handle();
  64   3          }
  65   2          
  66   2          
  67   2          
  68   2        }
  69   1         
  70   1      }


MODULE INFORMATION:   STATIC OVERLAYABLE
   CODE SIZE        =     39    ----
   CONSTANT SIZE    =   ----    ----
   XDATA SIZE       =   ----    ----
   PDATA SIZE       =   ----    ----
   DATA SIZE        =   ----    ----
   IDATA SIZE       =   ----    ----
   BIT SIZE         =   ----    ----
END OF MODULE INFORMATION.


C51 COMPILATION COMPLETE.  0 WARNING(S),  0 ERROR(S)
