C51 COMPILER V9.52.0.0   SYSLED                                                            09/23/2021 11:06:40 PAGE 1   


C51 COMPILER V9.52.0.0, COMPILATION OF MODULE SYSLED
OBJECT MODULE PLACED IN ..\OBJ\SysLed.obj
COMPILER INVOKED BY: C:\Keil_V4\C51\BIN\C51.EXE ..\USER\SysLed.c BROWSE INCDIR(..\USER) DEBUG OBJECTEXTEND PRINT(..\LIST
                    -\SysLed.lst) TABS(2) OBJECT(..\OBJ\SysLed.obj)

line level    source

   1          #include "SysLed.H"   //包含头文件，系统灯 【本头文件自己定义】
   2          
   3          //系统灯，频率1Hz，即0.5s亮，0.5s灭
   4          //频率不高，调用频度越好
   5          //1ms 调用处理一次，需要计500个数，才500ms
   6          //10ms 调用处理，只需计50个数，就500ms  ――选用
   7          
   8          void  SysLed_Display(void)
   9          {
  10   1        //如无static修饰，则称为自动Auto变量，每次进入这个函数都将使用初始值
  11   1        //这里需要每隔10ms进行累加工作，所以必须使用前缀static来修饰，表示变量保留最后修改的值
  12   1        static  unsigned char Time500ms_Cnt = 0; //用于计算500ms的时间变量，计50个数就可以
  13   1        
  14   1        Time500ms_Cnt ++;
  15   1        if(Time500ms_Cnt >= 50)
  16   1        {
  17   2          Time500ms_Cnt = 0;
  18   2          
  19   2          P45 = !P45;   //系统灯状态取反
  20   2        
  21   2        }
  22   1        
  23   1      }


MODULE INFORMATION:   STATIC OVERLAYABLE
   CODE SIZE        =     15    ----
   CONSTANT SIZE    =   ----    ----
   XDATA SIZE       =   ----    ----
   PDATA SIZE       =   ----    ----
   DATA SIZE        =      1    ----
   IDATA SIZE       =   ----    ----
   BIT SIZE         =   ----    ----
END OF MODULE INFORMATION.


C51 COMPILATION COMPLETE.  0 WARNING(S),  0 ERROR(S)
