C51 COMPILER V9.60.0.0   LIGHT                                                             11/30/2024 13:58:51 PAGE 1   


C51 COMPILER V9.60.0.0, COMPILATION OF MODULE LIGHT
OBJECT MODULE PLACED IN ..\obj\light.obj
COMPILER INVOKED BY: C:\Keil_v5\C51\BIN\C51.EXE ..\user\light.c OPTIMIZE(8,SPEED) BROWSE INCDIR(..\user) DEBUG OBJECTEXT
                    -END PRINT(.\light.lst) TABS(2) OBJECT(..\obj\light.obj)

line level    source

   1          /*#include "cool.H"
   2          
   3          //声明子函数,不写的话程序不认下面的子函数
   4          void Delay100ms();    //clock 0.1s 0.1秒时钟
   5          void Delay200ms();    //clock 0.2s 0.2秒时钟
   6          void Delay500ms();    //clock 0.5s 0.5秒时钟
   7          void light1();        //all lights 0.5s 全部闪三次
   8          void light2();        //P00 to P07 0.2s 从低到高
   9          void light3();        //P07 to P00 0.2s 从高到低
  10          void light4();        //P00 P07 to 0.1s 低到高依次点亮,高到低熄灭
  11          void light5();        //中间扩散
  12          
  13          //主函数
  14          void main(void)
  15          {
  16            while(1)
  17            {
  18              light2();
  19              light1();
  20              light3();
  21              light1();
  22              light4();
  23              light1();
  24              light5();
  25              light1();
  26              P45 = 0;         //系统提示灯提醒你循环一次了,可以不写
  27              Delay100ms();
  28              P45 = 1;
  29              Delay500ms();
  30            }
  31          }
  32          
  33          //定义子函数,为了简洁放在下面而已
  34          void light1(void)   //add function-all lights flash 0.5s 全部闪三次
  35          {
  36            P0 = 0xff;
  37            Delay500ms();
  38            P0 = 0x00;
  39            Delay500ms();
  40            P0 = 0xff;
  41            Delay500ms();
  42            P0 = 0x00;
  43            Delay500ms();
  44            P0 = 0xff;
  45            Delay500ms();
  46            P0 = 0x00;
  47            Delay500ms();
  48            P0 = 0xff;
  49            Delay500ms();
  50          }
  51          
  52          void light2(void)   //add function-P00 to P07 0.2s 从低到高
  53          {
  54            P00 = 0;
C51 COMPILER V9.60.0.0   LIGHT                                                             11/30/2024 13:58:51 PAGE 2   

  55            Delay200ms();
  56            P01 = 0;
  57            Delay200ms();
  58            P02 = 0;
  59            Delay200ms();
  60            P03 = 0;
  61            Delay200ms();
  62            P04 = 0;
  63            Delay200ms();
  64            P05 = 0;
  65            Delay200ms();
  66            P06 = 0;
  67            Delay200ms();
  68            P07 = 0;
  69            Delay200ms();
  70          }
  71          void light3(void)   //P07 to P00 0.2s 从高到低
  72          {
  73            P07 = 0;
  74            Delay200ms();
  75            P06 = 0;
  76            Delay200ms();
  77            P05 = 0;
  78            Delay200ms();
  79            P04 = 0;
  80            Delay200ms();
  81            P03 = 0;
  82            Delay200ms();
  83            P02 = 0;
  84            Delay200ms();
  85            P01 = 0;
  86            Delay200ms();
  87            P00 = 0;
  88            Delay200ms();
  89          }
  90          void light4(void)   //P00 P07 to 0.1s 低到高依次点亮,高到低熄灭
  91          {
  92            P00 = 0;
  93            Delay100ms();
  94            
  95            P00 = 1;
  96            P01 = 0;
  97            Delay100ms();
  98            
  99            P01 = 1;
 100            P02 = 0;
 101            Delay100ms();
 102            
 103            P02 = 1;
 104            P03 = 0;
 105            Delay100ms();
 106            
 107            P03 = 1;
 108            P04 = 0;
 109            Delay100ms();
 110            
 111            P04 = 1;
 112            P05 = 0;
 113            Delay100ms();
 114            P05 = 1;
 115            P06 = 0;
 116            Delay100ms();
C51 COMPILER V9.60.0.0   LIGHT                                                             11/30/2024 13:58:51 PAGE 3   

 117            P06 = 1;
 118            
 119            P07 = 0;
 120            Delay100ms();//
 121            P07 = 1;
 122            
 123            P06 = 0;
 124            Delay100ms();
 125            P06 = 1;
 126            
 127            P05 = 0;
 128            Delay100ms();
 129            P05 = 1;
 130            P04 = 0;
 131            Delay100ms();
 132            P04 = 1;
 133            P03 = 0;
 134            Delay100ms();
 135            P03 = 1;
 136            P02 = 0;
 137            Delay100ms();
 138            P02 = 1;
 139            P01 = 0;
 140            Delay100ms();
 141            P01 = 1;
 142            P00 = 0;
 143            Delay100ms();
 144            P00 = 1;
 145            Delay100ms();
 146          }
 147          
 148          void light5(void)   //中间扩散
 149          {
 150            P0 = 0x7e;
 151            Delay100ms();
 152            P0 = 0x3c;
 153            Delay100ms();
 154            P0 = 0x18;
 155            Delay100ms();
 156            P0 = 0;
 157            Delay100ms();
 158            P0 = 0x18;
 159            Delay100ms();
 160            P0 = 0x3c;
 161            Delay100ms();
 162            P0 = 0x7e;
 163            Delay100ms();
 164            //reset 重置所有灯
 165            P0 = 0xff;
 166            Delay100ms();
 167          }
 168          
 169          void Delay100ms()   //add function-clock 0.1s//@11.0592MHz
 170          {
 171            unsigned char i, j, k;
 172            i = 5;
 173            j = 52;
 174            k = 195;
 175            do
 176            {
 177              do
 178              {
C51 COMPILER V9.60.0.0   LIGHT                                                             11/30/2024 13:58:51 PAGE 4   

 179                while (--k);
 180              } while (--j);
 181            } while (--i);
 182          }
 183          
 184          void Delay200ms()   //add function-clock 0.2s//@11.0592MHz
 185          {
 186            unsigned char i, j, k;
 187          
 188            i = 9;
 189            j = 104;
 190            k = 139;
 191            do
 192            {
 193              do
 194              {
 195                while (--k);
 196              } while (--j);
 197            } while (--i);
 198          }
 199          
 200          void Delay500ms()   //add function-clock 0.5s//@11.0592MHz
 201          {
 202            unsigned char i, j, k;
 203            i = 22;
 204            j = 3;
 205            k = 227;
 206            do
 207            {
 208              do
 209              {
 210                while (--k);
 211              } while (--j);
 212            } while (--i);
 213          }
 214          */


MODULE INFORMATION:   STATIC OVERLAYABLE
   CODE SIZE        =   ----    ----
   CONSTANT SIZE    =   ----    ----
   XDATA SIZE       =   ----    ----
   PDATA SIZE       =   ----    ----
   DATA SIZE        =   ----    ----
   IDATA SIZE       =   ----    ----
   BIT SIZE         =   ----    ----
END OF MODULE INFORMATION.


C51 COMPILATION COMPLETE.  0 WARNING(S),  0 ERROR(S)
