C51 COMPILER V9.52.0.0   MAIN                                                              09/06/2021 15:57:57 PAGE 1   


C51 COMPILER V9.52.0.0, COMPILATION OF MODULE MAIN
OBJECT MODULE PLACED IN ..\obj\main.obj
COMPILER INVOKED BY: C:\Keil_C51\C51\BIN\C51.EXE ..\user\main.c BROWSE INCDIR(..\user) DEBUG OBJECTEXTEND PRINT(..\list\
                    -main.lst) TABS(2) OBJECT(..\obj\main.obj)

line level    source

   1          #include "LSD.H"
   2          
   3          //void Delay200ms();          //clock-200ms
   4          void Delay80ms();           //clock-50ms
   5          //void Delay300ms();
   6          
   7           int main(void)
   8           {
   9   1         while(1)
  10   1         {
  11   2           P00 = 1;
  12   2           Delay80ms();
  13   2           P01 = 1;
  14   2           Delay80ms();
  15   2           P02 = 1;
  16   2           Delay80ms();
  17   2           P03 = 1;
  18   2           Delay80ms();
  19   2           P04 = 1;
  20   2           Delay80ms();
  21   2           P05 = 1;
  22   2           Delay80ms();
  23   2           P06 = 1;
  24   2           Delay80ms();
  25   2           P07 = 1;
  26   2           Delay80ms();
  27   2           P00 = 0;
  28   2           Delay80ms();
  29   2           P01 = 0;
  30   2           Delay80ms();
  31   2           P02 = 0;
  32   2           Delay80ms();
  33   2           P03 = 0;
  34   2           Delay80ms();
  35   2           P04 = 0;
  36   2           Delay80ms();
  37   2           P05 = 0;
  38   2           Delay80ms();
  39   2           P06 = 0;
  40   2           Delay80ms();
  41   2           P07 = 0;
  42   2           Delay80ms();
  43   2         }
  44   1       }
  45           
  46          //void Delay200ms()           //set clock-200ms @11.0592MHz
  47          //{
  48          //  unsigned char i, j, k;
  49          
  50          //  i = 9;
  51          //  j = 104;
  52          //  k = 139;
  53          //  do
  54          //  {
C51 COMPILER V9.52.0.0   MAIN                                                              09/06/2021 15:57:57 PAGE 2   

  55          //    do
  56          //    {
  57          //      while (--k);
  58          //    } while (--j);
  59          //  } while (--i);
  60          //}
  61          
  62          void Delay80ms()    //@11.0592MHz
  63          {
  64   1        unsigned char i, j, k;
  65   1      
  66   1        i = 4;
  67   1        j = 93;
  68   1        k = 155;
  69   1        do
  70   1        {
  71   2          do
  72   2          {
  73   3            while (--k);
  74   3          } while (--j);
  75   2        } while (--i);
  76   1      }
  77          
  78          
  79          
  80          //void Delay300ms()   //@11.0592MHz
  81          //{
  82          //  unsigned char i, j, k;
  83          //  
  84          //  i = 13;
  85          //  j = 156;
  86          //  k = 83;
  87          //  do
  88          //  {
  89          //    do
  90          //    {
  91          //      while (--k);
  92          //    } while (--j);
  93          //  } while (--i);
  94          //}


MODULE INFORMATION:   STATIC OVERLAYABLE
   CODE SIZE        =     95    ----
   CONSTANT SIZE    =   ----    ----
   XDATA SIZE       =   ----    ----
   PDATA SIZE       =   ----    ----
   DATA SIZE        =   ----    ----
   IDATA SIZE       =   ----    ----
   BIT SIZE         =   ----    ----
END OF MODULE INFORMATION.


C51 COMPILATION COMPLETE.  0 WARNING(S),  0 ERROR(S)
