C51 COMPILER V9.52.0.0   BUZZER                                                            09/26/2021 15:13:20 PAGE 1   


C51 COMPILER V9.52.0.0, COMPILATION OF MODULE BUZZER
OBJECT MODULE PLACED IN ..\OBJ\Buzzer.obj
COMPILER INVOKED BY: C:\Keil_C51\C51\BIN\C51.EXE ..\USER\Buzzer.c BROWSE INCDIR(..\USER) DEBUG OBJECTEXTEND PRINT(..\LIS
                    -T\Buzzer.lst) TABS(2) OBJECT(..\OBJ\Buzzer.obj)

line level    source

   1          #include "Buzzer.H" 
   2          
   3          void  Beep_Init(void)
   4          {
   5   1        P3M1 &= 0x7f;   //0111 11111 与操作，实现最高位清零
   6   1        P3M0 |= 0x80;   //1000 00000 或操作，实现最高位置位
   7   1        
   8   1        //CON
   9   1        CCON = 0;                       //初始化PCA控制寄存器
  10   1                                          //PCA定时器停止
  11   1                                          //清除CF标志
  12   1                                          //清除模块中断标志
  13   1        CL = 0;                         //复位PCA寄存器
  14   1        CH = 0;
  15   1        CMOD = 0x00;                    //设置PCA时钟源 SysClk/12
  16   1                                        //禁止PCA定时器溢出中断
  17   1        //PCA_PWM0 = 0x00;                //PCA模块0工作于8位PWM
  18   1        //CCAP0H = CCAP0L = 0x20;         //PWM0的占空比为87.5% ((100H-20H)/100H)
  19   1        //CCAPM0 = 0x42;                  //PCA模块0为8位PWM模式
  20   1      
  21   1        //PCA_PWM1 = 0x40;                //PCA模块1工作于7位PWM
  22   1        //CCAP1H = CCAP1L = 0x20;         //PWM1的占空比为75% ((80H-20H)/80H)
  23   1        //CCAPM1 = 0x42;                  //PCA模块1为7位PWM模式
  24   1      
  25   1        PCA_PWM2 = 0x00;                //PCA模块0工作于8位PWM
  26   1        CCAP2H = CCAP2L = 125;         //PWM0的占空比为50% 
  27   1        CCAPM2 = 0x42;                  //PCA模块2为8位PWM模式
  28   1      
  29   1        CR = 1;                         //PCA定时器开始工作
  30   1        
  31   1      }
  32          
  33          void  Beep_ON(void)
  34          {
  35   1        //CR = 1;                         //PCA定时器开始工作
  36   1        PCA_PWM2 &= 0xfc;
  37   1        CCAP2H = CCAP2L = 125;         //PWM0的占空比为50% 
  38   1      }
  39          
  40          void  Beep_OFF(void)
  41          {
  42   1        //CR = 0;                         //PCA定时器停止工作
  43   1        PCA_PWM2 |=0x03;
  44   1        CCAP2H = CCAP2L = 255;         //占空比为0%，持续输出低 
  45   1      }
  46          
  47          void  Buzzer_Handle(void)
  48          {
  49   1        static  unsigned int Time100ms_Cnt = 0;   //定义变量，累计100ms
  50   1        
  51   1        
  52   1        if((Rec_Val > 0) && (Rec_Val != 0xaa) && (Rec_Val != 0x55))
  53   1        {
  54   2          Beep_ON();
C51 COMPILER V9.52.0.0   BUZZER                                                            09/26/2021 15:13:20 PAGE 2   

  55   2          Time100ms_Cnt ++;
  56   2          if(Time100ms_Cnt >= 10)
  57   2          {
  58   3            Time100ms_Cnt = 0;
  59   3            Rec_Val = 0;
  60   3          }
  61   2        }
  62   1        else
  63   1        {
  64   2          Beep_OFF();
  65   2          Time100ms_Cnt = 0;  
  66   2        }
  67   1      
  68   1      }


MODULE INFORMATION:   STATIC OVERLAYABLE
   CODE SIZE        =    114    ----
   CONSTANT SIZE    =   ----    ----
   XDATA SIZE       =   ----    ----
   PDATA SIZE       =   ----    ----
   DATA SIZE        =      2    ----
   IDATA SIZE       =   ----    ----
   BIT SIZE         =   ----    ----
END OF MODULE INFORMATION.


C51 COMPILATION COMPLETE.  0 WARNING(S),  0 ERROR(S)
