C51 COMPILER V9.52.0.0   COMMAND                                                           09/26/2021 15:13:20 PAGE 1   


C51 COMPILER V9.52.0.0, COMPILATION OF MODULE COMMAND
OBJECT MODULE PLACED IN ..\OBJ\command.obj
COMPILER INVOKED BY: C:\Keil_C51\C51\BIN\C51.EXE ..\USER\command.c BROWSE INCDIR(..\USER) DEBUG OBJECTEXTEND PRINT(..\LI
                    -ST\command.lst) TABS(2) OBJECT(..\OBJ\command.obj)

line level    source

   1          #include "command.H"
   2          
   3          
   4          
   5          
   6          void poem()
   7          {
   8   1        switch(Rec_Val)
   9   1        {
  10   2          case '1':
  11   2          SendMsg("        ");Rec_Val = 0;
  12   2          break;
  13   2          
  14   2          case '2':
  15   2          SendMsg(" Wow!\r\n \n");Rec_Val = 0;
  16   2          break;
  17   2          
  18   2          case '3':
  19   2          SendMsg(" 床前明月光疑是地上霜举头望明月低头思故乡！\r\n \n");Rec_Val = 0;
  20   2          break;
  21   2          
  22   2          case '4':
  23   2          SendMsg(" 你好中国！\r\n \n");Rec_Val = 0;
  24   2          break;
  25   2          
  26   2          case '5':
  27   2          SendMsg(" Warning! A huge battleship STEVE is approaching fast!\r\n \n");Rec_Val = 0;
  28   2          break;
  29   2          
  30   2          case '6':
  31   2          SendMsg(" Stay safe!\r\n \n");Rec_Val = 0;
  32   2          break;
  33   2          
  34   2          case '7':
  35   2          SendMsg(" Now Java16!\r\n \n");Rec_Val = 0;
  36   2          break;
  37   2          
  38   2          case '8':
  39   2          SendMsg(" Made by real people!\r\n \n");Rec_Val = 0;
  40   2          break;
  41   2          
  42   2          default:
  43   2          
  44   2          break;
  45   2        }
  46   1      }
  47          


MODULE INFORMATION:   STATIC OVERLAYABLE
   CODE SIZE        =    122    ----
   CONSTANT SIZE    =    198    ----
   XDATA SIZE       =   ----    ----
   PDATA SIZE       =   ----    ----
C51 COMPILER V9.52.0.0   COMMAND                                                           09/26/2021 15:13:20 PAGE 2   

   DATA SIZE        =   ----    ----
   IDATA SIZE       =   ----    ----
   BIT SIZE         =   ----    ----
END OF MODULE INFORMATION.


C51 COMPILATION COMPLETE.  0 WARNING(S),  0 ERROR(S)
