C51 COMPILER V9.52.0.0   LSD                                                               09/26/2021 15:13:20 PAGE 1   


C51 COMPILER V9.52.0.0, COMPILATION OF MODULE LSD
OBJECT MODULE PLACED IN ..\OBJ\LSD.obj
COMPILER INVOKED BY: C:\Keil_C51\C51\BIN\C51.EXE ..\USER\LSD.c BROWSE INCDIR(..\USER) DEBUG OBJECTEXTEND PRINT(..\LIST\L
                    -SD.lst) TABS(2) OBJECT(..\OBJ\LSD.obj)

line level    source

   1          #include "LSD.H"    //包含流水灯头文件
   2          
   3          unsigned char code light1_Tab[] = {0xff,0x00};
   4          unsigned char code light4_Tab[] = {0xfe,0xfd,0xfb,0xf7,0xef,0xdf,0xbf,0x7f,0xbf,0xdf,0xef,0xf7,0xfb,0xfd,0
             -xfe,0xff};
   5          
   6          
   7          void  Lsd_Led(void)
   8          {
   9   1        static  unsigned int lightCount = 0;
  10   1        
  11   1        static  unsigned int LED_num = 0;
  12   1        lightCount ++;
  13   1        if(lightCount  > 20)
  14   1        {
  15   2          lightCount = 0;
  16   2          LED_num++;
  17   2        }
  18   1        if( LED_num ==0)
  19   1        {
  20   2          P0 = light1_Tab[0]; 
  21   2        }
  22   1        if(LED_num == 2)
  23   1        {
  24   2          P0 = light1_Tab[1]; 
  25   2        }
  26   1        if(LED_num == 4)
  27   1        {
  28   2          P0 = light1_Tab[0]; 
  29   2        }
  30   1        if(LED_num == 6)
  31   1        {
  32   2          P0 = light1_Tab[1]; 
  33   2        }
  34   1        if(LED_num == 7)
  35   1        {
  36   2          P0 = light1_Tab[0]; 
  37   2        }
  38   1        if(LED_num == 8)
  39   1        {
  40   2          P0 = light4_Tab[0]; 
  41   2        }
  42   1        if(LED_num == 9)
  43   1        {
  44   2          P0 = light4_Tab[1]; 
  45   2        }
  46   1        if(LED_num == 10)
  47   1        {
  48   2          P0 = light4_Tab[2]; 
  49   2        }
  50   1        if(LED_num == 11)
  51   1        {
  52   2          P0 = light4_Tab[3]; 
  53   2        }
C51 COMPILER V9.52.0.0   LSD                                                               09/26/2021 15:13:20 PAGE 2   

  54   1        if(LED_num == 12)
  55   1        {
  56   2          P0 = light4_Tab[4]; 
  57   2        }
  58   1        if(LED_num == 13)
  59   1        {
  60   2          P0 = light4_Tab[5]; 
  61   2        }
  62   1        if(LED_num == 14)
  63   1        {
  64   2          P0 = light4_Tab[6]; 
  65   2        }
  66   1        if(LED_num == 15)
  67   1        {
  68   2          P0 = light4_Tab[7]; 
  69   2        }
  70   1        
  71   1        if(LED_num == 16)
  72   1        {
  73   2          P0 = light4_Tab[8]; 
  74   2        }
  75   1        
  76   1        if(LED_num == 17)
  77   1        {
  78   2          P0 = light4_Tab[9]; 
  79   2        }
  80   1        if(LED_num == 18)
  81   1        {
  82   2          P0 = light4_Tab[10]; 
  83   2        }
  84   1        if(LED_num == 19)
  85   1        {
  86   2          P0 = light4_Tab[11]; 
  87   2        }
  88   1        if(LED_num == 20)
  89   1        {
  90   2          P0 = light4_Tab[12]; 
  91   2        }
  92   1        if(LED_num == 21)
  93   1        {
  94   2          P0 = light4_Tab[13]; 
  95   2        }
  96   1        if(LED_num == 22)
  97   1        {
  98   2          P0 = light4_Tab[14]; 
  99   2        }
 100   1        if(LED_num == 23)
 101   1        {
 102   2          P0 = light4_Tab[15]; 
 103   2        }
 104   1        if(LED_num == 24)
 105   1        {
 106   2        LED_num = 0;
 107   2        }
 108   1        
 109   1        
 110   1      }


MODULE INFORMATION:   STATIC OVERLAYABLE
   CODE SIZE        =    335    ----
   CONSTANT SIZE    =     18    ----
C51 COMPILER V9.52.0.0   LSD                                                               09/26/2021 15:13:20 PAGE 3   

   XDATA SIZE       =   ----    ----
   PDATA SIZE       =   ----    ----
   DATA SIZE        =      4    ----
   IDATA SIZE       =   ----    ----
   BIT SIZE         =   ----    ----
END OF MODULE INFORMATION.


C51 COMPILATION COMPLETE.  0 WARNING(S),  0 ERROR(S)
