C51 COMPILER V9.52.0.0   MAIN                                                              09/26/2021 15:13:20 PAGE 1   


C51 COMPILER V9.52.0.0, COMPILATION OF MODULE MAIN
OBJECT MODULE PLACED IN ..\OBJ\main.obj
COMPILER INVOKED BY: C:\Keil_C51\C51\BIN\C51.EXE ..\USER\main.c BROWSE INCDIR(..\USER) DEBUG OBJECTEXTEND PRINT(..\LIST\
                    -main.lst) TABS(2) OBJECT(..\OBJ\main.obj)

line level    source

   1          #include "Timer.H"    //包含头定时器头文件
   2          #include "SysLed.H"   //包含系统灯头文件
   3          #include "Buzzer.H" 
   4          #include "DotLed.H"
   5          #include "LSD.H"      //包含流水灯头文件
   6          #include "Uart.H"
   7          #include "command.H"
   8          //主函数
   9          void  main(void) 
  10          {
  11   1        Timer0Init();
  12   1        Timer1Init();
  13   1        DotLed_Init();
  14   1        UartInit();
  15   1        Beep_Init();
  16   1        
  17   1        while(1)    
  18   1        {
  19   2          
  20   2          if(Flag_1ms)
  21   2          {
  22   3            Flag_1ms = 0;
  23   3            
  24   3            DotLed_Display();
  25   3            
  26   3          }
  27   2          if(Flag_10ms)
  28   2          {
  29   3            Flag_10ms = 0;
  30   3            
  31   3            poem();
  32   3            SysLed_Display();
  33   3            DotLed_Renew();
  34   3            Lsd_Led();
  35   3            Buzzer_Handle();
  36   3            
  37   3          }
  38   2        }
  39   1      }


MODULE INFORMATION:   STATIC OVERLAYABLE
   CODE SIZE        =     45    ----
   CONSTANT SIZE    =   ----    ----
   XDATA SIZE       =   ----    ----
   PDATA SIZE       =   ----    ----
   DATA SIZE        =   ----    ----
   IDATA SIZE       =   ----    ----
   BIT SIZE         =   ----    ----
END OF MODULE INFORMATION.


C51 COMPILATION COMPLETE.  0 WARNING(S),  0 ERROR(S)
